[www.northwood.ltd/index.html]
[backblue.gif]
[fade.gif]
[index.html]
[cdn.prod.website-files.com/671a91ee07626cd6dad29988/css/broadstone-landscape.543328a1e.css]
[ajax.googleapis.com/ajax/libs/webfont/1.6.26/webfont.js]
[fonts.googleapis.com/index.html]
[cdn.prod.website-files.com/671a91ee07626cd6dad29988/6723d6318710b0e3bee7eed9_Frame 1413372150.png]
[cdn.prod.website-files.com/671a91ee07626cd6dad29988/6723d6326467b3f5205c0714_Frame 1413372151.png]
[www.googletagmanager.com/gtag/js67d2]
[www.google.com/maps/place/Big+A+Landscaping/@32.753976,-97.23447,142165m/data=!3m1!1e3!4m6!3m5!1s0x864e63db943d36f3_0xc0/g/11hkxhdxs2ddbf.html]
[cdn.prod.website-files.com/671a91ee07626cd6dad29988/671c13fc41f0e8d674439f86_Vector (2).svg]
[www.facebook.com/unsupportedbrowser.html]
[cdn.prod.website-files.com/671a91ee07626cd6dad29988/671a922c081a5cb874784729_mdi_facebook.svg]
[cdn.prod.website-files.com/671a91ee07626cd6dad29988/671a922c081a5cb874784739_mdi_instagram.svg]
[cdn.prod.website-files.com/671a91ee07626cd6dad29988/671a922c081a5cb874784748_ph_map-pin-fill.svg]
[cdn.prod.website-files.com/671a91ee07626cd6dad29988/671a922c081a5cb874784752_ph_phone-fill.svg]
[cdn.prod.website-files.com/671a91ee07626cd6dad29988/671a9344e02490edad68daeb_primary 1.svg]
[www.northwood.ltd/about-us.html]
[www.northwood.ltd/our-services.html]
[www.northwood.ltd/our-work.html]
[www.northwood.ltd/faq.html]
[www.northwood.ltd/blog.html]
[www.northwood.ltd/contact-us.html]
[cdn.prod.website-files.com/667e000bfde882eaac3b091e/667e03ad953b49258bb13a34_Vector (9).svg]
[cdn.prod.website-files.com/671a91ee07626cd6dad29988/671a95076b685f797301331d_image 188.svg]
[cdn.prod.website-files.com/671a91ee07626cd6dad29988/671a97f55941485a40965baf_green logo.svg]
[cdn.prod.website-files.com/671a91ee07626cd6dad29988/671a9f3e378cf4ee8b4dab96_222.png]
[cdn.prod.website-files.com/671a91ee07626cd6dad29988/671a9f3ec26d4c7ca44ca39b_333.png]
[cdn.prod.website-files.com/671a91ee07626cd6dad29988/671a97f521e8900cec0048d5_white logo.svg]
[www.northwood.ltd/internal-services/artificial-turf.html]
[www.northwood.ltd/internal-services/sod-installation.html]
[www.northwood.ltd/internal-services/retaining-walls.html]
[www.northwood.ltd/internal-services/landscape-design.html]
[www.northwood.ltd/internal-services/landscaping.html]
[www.northwood.ltd/internal-services/landscape-lighting.html]
[www.northwood.ltd/internal-services/hardscape.html]
[www.northwood.ltd/internal-services/water-features.html]
[www.northwood.ltd/internal-services/drainage-solutions.html]
[www.northwood.ltd/internal-services/concrete-installation.html]
[www.northwood.ltd/internal-services/sprinkler-system-installation.html]
[www.northwood.ltd/internal-services/commercial-maintenance.html]
[cdn.prod.website-files.com/671a91ee07626cd6dad29988/671ab074a581bd6fb9ea4807_Icon.svg]
[cdn.prod.website-files.com/671a91ee07626cd6dad29988/671ab0744bce2fcf0833f161_Icon (1).svg]
[cdn.prod.website-files.com/671a91ee07626cd6dad29988/671e11696be161371d1e2dfa_client1.svg]
[cdn.prod.website-files.com/671a91ee07626cd6dad29988/671e1199a0f90c680f816b9f_client2.svg]
[cdn.prod.website-files.com/671a91ee07626cd6dad29988/671e11a9f92675cb73c20d27_client3.svg]
[cdn.prod.website-files.com/671a91ee07626cd6dad29988/671e11d2dc4f64af63d0dd62_client4.svg]
[cdn.prod.website-files.com/671a91ee07626cd6dad29988/671e11dd16968fd1818b41e2_client5.svg]
[cdn.prod.website-files.com/671a91ee07626cd6dad29988/671e11eb6f4c86e30481194c_client6.svg]
[cdn.prod.website-files.com/671a91ee07626cd6dad29988/671e1202defc7bcd58f746f8_client7.svg]
[cdn.prod.website-files.com/671a91ee07626cd6dad29988/671be9471ed052ea7801b1ee_quoteblsvg.svg]
[cdn.prod.website-files.com/6706a6e8fcc70fae4bf208cf/6707e48c8ff7c05ae2940c7d_Google.svg]
[cdn.prod.website-files.com/64e15f03bafc824817992c4d/64e160e8e5ca48456f84a085_Vector.png]
[cdn.prod.website-files.com/671a91ee07626cd6dad29988/671d870f0f7c9d454be88760_Untitled.svg]
[cdn.prod.website-files.com/671a91ee07626cd6dad29988/671d870fecfa218063699bc8_Untitled (1).svg]
[cdn.prod.website-files.com/671a91ee07626cd6dad29988/671bee1cb9fa2bfd187d0fb3_address.svg]
[cdn.prod.website-files.com/671a91ee07626cd6dad29988/671bef6071ccccd7400c9c67_email1.svg]
[cdn.prod.website-files.com/671a91ee07626cd6dad29988/671bef6a71ccccd7400ca39e_phone.svg]
[cdn.prod.website-files.com/671a91ee07626cd6dad29988/671c7fa484628304be63f73a_primary 1 (1).svg]
[cdn.prod.website-files.com/671a91ee07626cd6dad29988/671c8254f2358c2e99e743eb_Frame 427320208.svg]
[www.google.com/maps/place/Big+A+Landscaping/@32.753976,-97.23447,211385m/data=!3m1!1e3!4m18!1m9!3m8!1s0x864e63db943d36f3/g/11hkxhdxs2!3m/11hkxhdxs2.35ddbf.delay]
[cdn.prod.website-files.com/671a91ee07626cd6dad29988/671c8254b0729bd414e08208_Frame 427320209.svg]
[cdn.prod.website-files.com/671a91ee07626cd6dad29988/671c13fb41f0e8d674439f53_Vector.svg]
[cdn.prod.website-files.com/671a91ee07626cd6dad29988/671c13fb41f0e8d674439f5e_Vector (1).svg]
[d3e54v103j8qbb.cloudfront.net/js/jquery-3.5.1.min.dc5e7f18c8f958.js]
[www.google.com/maps/place/Big+A+Landscaping/@32.753976,-97.23447,10z/data=!4m6!3m5!1s0x864e63db943d36f3_0xc084752027/g/11hkxhdxs2ddbf.html]
[cdn.prod.website-files.com/671a91ee07626cd6dad29988/js/broadstone-landscape.f37dba46.34b15aca4d3d6436.js]
[www.betheanomaly.io/index.html]
[cdnjs.cloudflare.com/ajax/libs/jquery/2.1.3/jquery.min.js]
[cdnjs.cloudflare.com/ajax/libs/waypoints/2.0.3/waypoints.min.js]
[cdn.jsdelivr.net/jquery.counterup/1.0/jquery.counterup.min.js]
[www.northwood.ltd/index.html]
[www.googletagmanager.com/ns00ba.html]
[cdn.prod.website-files.com/671a91ee07626cd6dad29988/671a92476b685f7973fe5e76_Rectangle 24003.svg]
[cdn.prod.website-files.com/671a91ee07626cd6dad29988/671a95f97364d11a9a9e215e_5b5603bfd687a0ef8f2f17ef34bffb6f.png]
[cdn.prod.website-files.com/671a91ee07626cd6dad29988/671aa1c7764f8e50a1ceebea_services1.jpg]
[cdn.prod.website-files.com/671a91ee07626cd6dad29988/671aa1c8764f8e50a1ceecdf_service ce.jpg]
[cdn.prod.website-files.com/671a91ee07626cd6dad29988/671aa1c7764f8e50a1ceecb9_services3.jpg]
[cdn.prod.website-files.com/671a91ee07626cd6dad29988/671aa1c7764f8e50a1ceec54_services2.jpg]
[cdn.prod.website-files.com/671a91ee07626cd6dad29988/671aa1c8764f8e50a1ceed54_concrete.jpg]
[cdn.prod.website-files.com/671a91ee07626cd6dad29988/671aa7ddcba01f0f5647aa0a_21f469749a807f5810d553ab6b94084a.png]
[cdn.prod.website-files.com/671a91ee07626cd6dad29988/674097f988949e9480d68144_turf.jpg]
[cdn.prod.website-files.com/671a91ee07626cd6dad29988/671aa7e0e5a797572b45003c_85a00f8a6fb70cf01db044d84fd44230.png]
[cdn.prod.website-files.com/671a91ee07626cd6dad29988/6740984e35909ac01eda129c_ld.jpg]
[cdn.prod.website-files.com/671a91ee07626cd6dad29988/671fd65040fcaa902c5c9565_2222.png]
[cdn.prod.website-files.com/671a91ee07626cd6dad29988/6740987aa621d4f23a112d85_ll.png]
[cdn.prod.website-files.com/671a91ee07626cd6dad29988/671aa8bf8e3252fa1258dec7_e0c0be8ac6af3f2e7d73bf3696b96312 (1]
[cdn.prod.website-files.com/671a91ee07626cd6dad29988/6740a3166cb39312828e5663_hardskep.png]
[cdn.prod.website-files.com/671a91ee07626cd6dad29988/6740a361f1feb3d5ceecc142_wf.png]
[cdn.prod.website-files.com/671a91ee07626cd6dad29988/6740a4b475bb75a691d0dc92_dr.jpg]
[cdn.prod.website-files.com/671a91ee07626cd6dad29988/671aa8e2b73f3e476d326c17_1212.png]
[cdn.prod.website-files.com/671a91ee07626cd6dad29988/671aa8f46c269072b76803d9_1313.png]
[cdn.prod.website-files.com/671a91ee07626cd6dad29988/671aa8d88f82b286c2e1a28a_888.png]
[cdn.prod.website-files.com/671a91ee07626cd6dad29988/6740a516c2950500fcb4160f_sprinklr.png]
[cdn.prod.website-files.com/671a91ee07626cd6dad29988/6740a55f1c501e7ed94988af_commaintain.png]
[cdn.prod.website-files.com/671a91ee07626cd6dad29988/671d0413ba28fa82469d6409_dce0d0d756098572ffd2eedc7e5deacd (1]
[cdn.prod.website-files.com/671a91ee07626cd6dad29988/6740a6ad018b317b248362b5_turf1.jpg]
[cdn.prod.website-files.com/671a91ee07626cd6dad29988/671e667d24ca2a185ad647ee_sod.jpg]
[cdn.prod.website-files.com/671a91ee07626cd6dad29988/671e6abf248a1b1d23d89863_rw.jpg]
[cdn.prod.website-files.com/671a91ee07626cd6dad29988/671e716cd32860e4fba5570d_pathways.png]
[cdn.prod.website-files.com/671a91ee07626cd6dad29988/6740a8506ac609fe186b2388_wf.png]
[cdn.prod.website-files.com/671a91ee07626cd6dad29988/671f47a169d45b5316a5b51e_fd.jpg]
[cdn.prod.website-files.com/671a91ee07626cd6dad29988/671f4a0b1a08d8cdeb58c6d1_ci.jpg]
[cdn.prod.website-files.com/671a91ee07626cd6dad29988/6740aca7ac59b87e5714898c_cm1.png]
[cdn.prod.website-files.com/671a91ee07626cd6dad29988/671e6b0d420cf85029eade9f_wall1 (1]
[cdn.prod.website-files.com/671a91ee07626cd6dad29988/671fd78e701ba0bf585c7690_444 (1]
[cdn.prod.website-files.com/671a91ee07626cd6dad29988/css/broadstone-landscape.543328a1e.css]
[fonts.googleapis.com/index.html]
[fonts.gstatic.com/index.html]
[www.googletagmanager.com/gtm5445.html]
[www.gstatic.com/images/icons/material/system/2x/mode_edit_googblue_24dp.png]
[www.gstatic.com/images/icons/material/system/2x/location_off_googblue_24dp.png]
[www.gstatic.com/images/icons/material/system_gm/2x/storefront_googblue_24dp.png]
[www.gstatic.com/images/icons/material/system_gm/2x/category_googblue_24dp.png]
[www.gstatic.com/images/icons/material/system_gm/2x/schedule_googblue_24dp.png]
[www.gstatic.com/images/icons/material/system_gm/2x/call_googblue_24dp.png]
[www.gstatic.com/images/icons/material/system_gm/2x/public_googblue_24dp.png]
[www.gstatic.com/images/icons/material/system_gm/2x/location_off_googblue_24dp.png]
[lh3.googleusercontent.com/-y7lk7uowJZo/AAAAAAAAAAI/AAAAAAAAAAA/qvD452xb5pw/s44-p-k-no-ns-nd/photo.jpg]
[www.gstatic.com/images/branding/product/1x/googleg_48dp.png]
[www.google.com/maps/place/Big+A+Landscaping/@32.753976,-97.23447,142165m/Edg/index.html]
[fonts.gstatic.com/s/roboto/v18/KFOlCnqEu92Fr1MmSU5fChc9.ttf]
[fonts.gstatic.com/s/roboto/v18/KFOmCnqEu92Fr1Mu7GxP.ttf]
[www.google.com/maps/place/Big+A+Landscaping/@32.753976,-97.23447,142165m/GET.html]
[fonts.gstatic.com/s/roboto/v18/KFOlCnqEu92Fr1MmEU9fChc9.ttf]
[fonts.gstatic.com/s/roboto/v18/KFOlCnqEu92Fr1MmWUlfChc9.ttf]
[fonts.gstatic.com/s/googlesans/v29/4UasrENHsxJlGDuGo1OIlJfC6mGS6vhAK1YodMucsih5flDH6MAwhSdTPjIUuA.ttf]
[www.google.com/maps/place/Big+A+Landscaping/@32.753976,-97.23447,142165m/Firefox/index.html]
[fonts.gstatic.com/s/productsans/v9/pxiDypQkot1TnFhsFMOfGShVF9eL.ttf]
[ssl.gstatic.com/gb/images/b_8d5afc09.png]
[fonts.gstatic.com/s/googlesans/v29/4UasrENHsxJlGDuGo1OIlJfC6mGS6vhAK1YobMucsih5flDH6MAwhSdTPjIUuA.ttf]
[maps.gstatic.com/tactile/basepage/pegman_sherlock.png]
[www.google.com/maps/place/Big+A+Landscaping/@32.753976,-97.23447,142165m/data=!3m1!1e3!4m6!3m5!1s0x864e63db943d36f3_0xc0/g/11hkxhdxs2ddbf.html]
[cdn.prod.website-files.com/671a91ee07626cd6dad29988/671c13fc41f0e8d674439f86_Vector (2).svg]
[fonts.gstatic.com/s/googlesans/v29/4UasrENHsxJlGDuGo1OIlJfC6mGS6vhAK1YodMucsih5flDH6MAwhRVTPjIUuA.ttf]
[fonts.gstatic.com/s/googlesans/v29/4UasrENHsxJlGDuGo1OIlJfC6mGS6vhAK1YobMucsih5flDH6MAwhRVTPjIUuA.ttf]
[www.facebook.com/unsupportedbrowser4964.html]
[static.xx.fbcdn.net/rsrc.php/v5/yS/l/0,cross/7YlcNL8J4Gb.css]
[static.xx.fbcdn.net/rsrc.php/v5/yQ/l/0,cross/G7rblbg0RjG.css]
[static.xx.fbcdn.net/rsrc.php/v4/yl/r/sjpjSqWieQB.js]
[static.xx.fbcdn.net/rsrc.php/v4i7M54/yV/l/en_US/OSXUHYJFGE-.js]
[static.xx.fbcdn.net/rsrc.php/v4/ys/r/ezPctWEb0a3.js]
[www.facebook.com/unsupportedbrowser.html]
[cdn.prod.website-files.com/671a91ee07626cd6dad29988/671a922c081a5cb874784729_mdi_facebook.svg]
[static.xx.fbcdn.net/rsrc.php/v4/yQ/r/uXBhZHMJQHl.js]
[www.instagram.com/broadstonelandscape/index.html]
[cdn.prod.website-files.com/671a91ee07626cd6dad29988/671a922c081a5cb874784739_mdi_instagram.svg]
[cdn.prod.website-files.com/671a91ee07626cd6dad29988/671a922c081a5cb874784748_ph_map-pin-fill.svg]
[cdn.prod.website-files.com/671a91ee07626cd6dad29988/671a922c081a5cb874784752_ph_phone-fill.svg]
[cdn.prod.website-files.com/671a91ee07626cd6dad29988/671a9344e02490edad68daeb_primary 1.svg]
[cdn.prod.website-files.com/671a91ee07626cd6dad29988/671d0aaba1f1bdd0256228d1_8343949f60dc108e7ec2dbd075f80094.png]
[www.northwood.ltd/about-us.html]
[www.northwood.ltd/internal-services/pathways.html]
[www.northwood.ltd/our-services.html]
[www.northwood.ltd/internal-services/full-outdoor-remodel.html]
[cdn.prod.website-files.com/671a91ee07626cd6dad29988/671fd650a1584805069b46a4_1111.png]
[cdn.prod.website-files.com/671a91ee07626cd6dad29988/671e6b14f2e2309c58827dfd_wall2 (1).jpg]
[cdn.prod.website-files.com/671a91ee07626cd6dad29988/671e67b21384b8d1fa9594cd_sodinst.jpg]
[cdn.prod.website-files.com/671a91ee07626cd6dad29988/671f4a10b53950f1161be628_ci2.jpg]
[cdn.prod.website-files.com/671a91ee07626cd6dad29988/671fd78e701ba0bf585c7690_444 (1).png]
[cdn.prod.website-files.com/671a91ee07626cd6dad29988/671fd7f0fbb403016fe37b1b_555 (1).png]
[cdn.prod.website-files.com/671a91ee07626cd6dad29988/671fd7f00b8e659f4c1e0595_666.png]
[cdn.prod.website-files.com/671a91ee07626cd6dad29988/671e6b0d420cf85029eade9f_wall1 (1).jpg]
[www.northwood.ltd/our-work.html]
[www.northwood.ltd/faq.html]
[cdn.prod.website-files.com/671fdbbc90df902a548c3a33/67a235cc72b53e41e4f2dfae_Lay-Sod.jpg]
[www.northwood.ltd/blogs/sod-installation-get-a-beautiful-lawn-instantly.html]
[cdn.prod.website-files.com/671a91ee07626cd6dad29988/671fdcfefde183b74e506928_Chevron Right.svg]
[cdn.prod.website-files.com/671fdbbc90df902a548c3a33/67783c7024d866fee8113d92_Copy-of-Fortini-28-scaled.jpg]
[www.northwood.ltd/blogs/retaining-walls-combining-beauty-and-functionality-in-your-landscape.html]
[cdn.prod.website-files.com/671fdbbc90df902a548c3a33/67783c0721ed1cea95e90cd9_AdobeStock_365397142-min-scaled.jpg]
[www.northwood.ltd/blogs/artificial-turf-a-low-maintenance-lawn-for-every-season.html]
[cdn.prod.website-files.com/671fdbbc90df902a548c3a33/67783bab4cb676f584c5d18a_65f87be95916b3177c41f5a0_Design_Garden[1].png]
[www.northwood.ltd/blogs/landscape-design-creating-your-dream-outdoor-space.html]
[cdn.prod.website-files.com/671fdbbc90df902a548c3a33/67783b5abed0821bf8559fae_beautiful-concrete-patio-ideas-and-designs-4049293-hero-01-1c3eb401b33e42ec899b9157]
[www.northwood.ltd/blogs/concrete-installation-building-strong-and-beautiful-outdoor-spaces.html]
[www.northwood.ltd/blogs/water-features-adding-serenity-and-style-to-your-landscape.html]
[cdn.prod.website-files.com/671fdbbc90df902a548c3a33/67731f4677d38986fea5d3cf_eq6BfdAjY6M4Ri2mBx6xh3.jpg]
[www.northwood.ltd/blogs/landscape-lighting-illuminate-and-elevate-your-outdoor-space.html]
[cdn.prod.website-files.com/671fdbbc90df902a548c3a33/67731ed6d3166db7d43eeac4_3DUDAblog2_birds-eye-view-man-mowing-lawn-900x600.jpg]
[www.northwood.ltd/blogs/sod-installation-the-fastest-way-to-a-beautiful-lawn.html]
[cdn.prod.website-files.com/671fdbbc90df902a548c3a33/67731e92f54269221fe0d121_7-Tips-for-Creating-a-Successful-Hardscape-Design-2.jpg]
[www.northwood.ltd/blogs/hardscape-design-adding-functionality-and-elegance-to-your-yard.html]
[www.northwood.ltd/blogs/retaining-walls-functional-beauty-for-your-landscape.html]
[cdn.prod.website-files.com/671fdbbc90df902a548c3a33/67731dbea708c1731705a185_Use-Motion-Sensor-Lights.jpg]
[www.northwood.ltd/blogs/outdoor-lighting-illuminate-your-landscape-with-style.html]
[cdn.prod.website-files.com/671fdbbc90df902a548c3a33/67731cbd36203af6dfa3b770_OS100-Intall-1s.jpg]
[www.northwood.ltd/blogs/artificial-turf-achieve-a-lush-low-maintenance-lawn-year-round.html]
[cdn.prod.website-files.com/671fdbbc90df902a548c3a33/67731bf18fde1b4439dcf15e_gardenmaintence1.jpg]
[www.northwood.ltd/blogs/landscape-maintenance-keeping-your-outdoor-space-pristine.html]
[cdn.prod.website-files.com/671fdbbc90df902a548c3a33/67731b87f4ccbe36323a928e_soft-landscaping1.jpg]
[www.northwood.ltd/blogs/tree-planting-enhance-your-landscape-with-shade-and-beauty.html]
[www.northwood.ltd/blogs/drainage-solutions-protecting-your-yard-from-water-damage.html]
[cdn.prod.website-files.com/671fdbbc90df902a548c3a33/67731ae9d94caa65d97be9f4_wdfv.jpg]
[www.northwood.ltd/blogs/hardscaping-solutions-building-beauty-and-functionality-into-your-yard.html]
[cdn.prod.website-files.com/671fdbbc90df902a548c3a33/67731a88f4ccbe36323982f4_Seasonal-Lawn-Care-Tips.jpg]
[www.northwood.ltd/blogs/seasonal-lawn-care-keeping-your-yard-healthy-all-year.html]
[www.northwood.ltd/blogs/retaining-walls-more-than-just-erosion-control.html]
[cdn.prod.website-files.com/671fdbbc90df902a548c3a33/677319ea5c3df586fb204c76_1_hcXFOyahQWaWvTYXTmtB9Q.jpg]
[www.northwood.ltd/blogs/landscape-design-transform-your-outdoor-space-into-a-personal-oasis.html]
[cdn.prod.website-files.com/671fdbbc90df902a548c3a33/677319a3cf5656f3e48c5304_new-sod-installation-two-men-laying-sod-home-lawn.jpg]
[www.northwood.ltd/blogs/sod-installation-the-quickest-way-to-a-stunning-lawn.html]
[cdn.prod.website-files.com/671fdbbc90df902a548c3a33/67731967064c39b0b2ddcb6c_UK_advice-lawn-care-tools-essential-tools-lawn-maintenance_main.jpg]
[www.northwood.ltd/blogs/lawn-care-made-easy-professional-maintenance-tips.html]
[cdn.prod.website-files.com/671fdbbc90df902a548c3a33/677319098fde1b4439da1354_turfwinter19-watermanagefeat-feature.jpg]
[www.northwood.ltd/blogs/drainage-solutions-protect-your-yard-and-foundation.html]
[cdn.prod.website-files.com/671fdbbc90df902a548c3a33/67731861abd4f522ff8a9e83_Custom-patio-covers-cover-shot.jpg]
[www.northwood.ltd/blogs/custom-patios-transform-your-outdoor-space.html]
[cdn.prod.website-files.com/671fdbbc90df902a548c3a33/677315c664dc65640bda2ff1_Gravity-walls-for-erosion-control-min.jpg]
[www.northwood.ltd/blogs/retaining-walls-your-solution-to-erosion-and-yard-stability.html]
[cdn.prod.website-files.com/671fdbbc90df902a548c3a33/6773158358c9b9d98dcbe2b5_Landscape-Lighting-can-Transform-Your-Entire-Property-1.jpg]
[www.northwood.ltd/blogs/landscape-lighting-enhance-your-yards-beauty-and-security.html]
[cdn.prod.website-files.com/671fdbbc90df902a548c3a33/6773153ca4ba80a88c77ced1_how-to-lay-sod-to-start-new-lawns-2132203_Hero1A-339b58bbe9ff4ae98e1d965e0e510ba0.b]
[www.northwood.ltd/blogs/sod-installation-the-fastest-way-to-a-perfect-lawn.html]
[www.northwood.ltd/blogs/retaining-walls-a-must-have-for-functional-and-beautiful-landscapes.html]
[cdn.prod.website-files.com/671fdbbc90df902a548c3a33/67731491acca17e219be4587_Lawn-Aeration-PURCOR-Pest-Solutions-PURCOR-Lawn.jpg]
[www.northwood.ltd/blogs/lawn-aeration-the-secret-to-a-healthier-greener-lawn.html]
[cdn.prod.website-files.com/671fdbbc90df902a548c3a33/677314116f5bbcbd74a59db7_The+Perfect+Lawn+in+Six+Steps+3-27-20.jpg]
[www.northwood.ltd/blogs/lawn-maintenance-the-key-to-a-beautiful-and-healthy-yard.html]
[cdn.prod.website-files.com/671fdbbc90df902a548c3a33/6773139be93f254bdf4aa34d_0013.jpg]
[www.northwood.ltd/blogs/transform-your-yard-with-custom-patios-and-hardscaping.html]
[www.northwood.ltd/blogs/elevate-your-backyard-entertaining.html]
[cdn.prod.website-files.com/671fdbbc90df902a548c3a33/677313466ad95e37da123941_l-shaped-outdoor-kitchen-on-patio-with-ample-outdoor-seating-and-a-firepit.c7.delay]
[www.northwood.ltd/blogs/water-features-transforming-your-yard-with-elegance-and-tranquility.html]
[cdn.prod.website-files.com/671fdbbc90df902a548c3a33/677312686ff5be63c3e5d43e_DIY-Lawn-care.png]
[www.northwood.ltd/blogs/professional-lawn-care-the-secret-to-a-healthy-vibrant-yard.html]
[cdn.prod.website-files.com/671fdbbc90df902a548c3a33/6773121367da814b7bc7331e_6439317c7ce2c.jpg]
[www.northwood.ltd/blogs/custom-landscape-design-crafting-your-dream-outdoor-space.html]
[cdn.prod.website-files.com/671fdbbc90df902a548c3a33/677311b88344896f0dc89413_64ad6122ca60ccb90099b9a7_UCR_TWH_BHS_MI_Shaker_49802.jpg]
[www.northwood.ltd/blogs/retaining-walls-a-blend-of-function-and-elegance.html]
[www.northwood.ltd/blogs/landscape-lighting-illuminate-your-yard-with-style-and-function.html]
[cdn.prod.website-files.com/671fdbbc90df902a548c3a33/67730aa50cb70955cb066344_artificial-turf.jpg]
[www.northwood.ltd/blogs/artificial-turf-a-smart-choice-for-modern-landscapes.html]
[cdn.prod.website-files.com/671fdbbc90df902a548c3a33/67730a44709c1b282ed0fb7c_rain_gardens_xl-1-scaled.jpg.optimal.jpg]
[www.northwood.ltd/blogs/protect-your-landscape-with-custom-drainage-solutions.html]
[cdn.prod.website-files.com/671fdbbc90df902a548c3a33/677309ec93fd03c18b0d3c9a_2-1-1024x597.jpg]
[www.northwood.ltd/blogs/sod-installation-your-shortcut-to-a-beautiful-lawn.html]
[www.northwood.ltd/blogs/the-ultimate-guide-to-designing-the-perfect-outdoor-patio.html]
[cdn.prod.website-files.com/671fdbbc90df902a548c3a33/677304acf6e1b8dc755e7a68_2764SMilwaukeeSt_0088-scaled.jpg]
[cdn.prod.website-files.com/671fdbbc90df902a548c3a33/67730990f54269221fccfdac_patio-needs-according-to-designers-GettyImages-1007175428-efc6b5a74214495f9228f7f49]
[www.northwood.ltd/blogs/custom-landscape-design-transforming-your-outdoor-space.html]
[www.northwood.ltd/blogs/retaining-walls-combining-strength-function-and-style.html]
[cdn.prod.website-files.com/671fdbbc90df902a548c3a33/6773041078b2da471a81515c_How-to-Use-Outdoor-Lighting-to-Improve-Property-Safety.jpg]
[cdn.prod.website-files.com/671fdbbc90df902a548c3a33/677304518ab268a01ff97071_658f7c453bf50096abbf2088_homeguide-large-boulder-retaining-wall-with-steps-leading-]
[www.northwood.ltd/blogs/landscape-lighting-enhancing-beauty-and-safety-after-dark.html]
[www.northwood.ltd/blogs/hardscaping-101-elevate-your-outdoor-space-with-functional-beauty.html]
[www.northwood.ltd/blogs/artificial-turf-the-perfect-solution-for-a-low-maintenance-lawn.html]
[cdn.prod.website-files.com/671fdbbc90df902a548c3a33/6773021f0eaf31c539b85365_sod-installation-the-path-to-an-instant-lush-lawn.jpg]
[www.northwood.ltd/blogs/the-benefits-of-professional-sod-installation-for-a-lush-lawn.html]
[cdn.prod.website-files.com/671fdbbc90df902a548c3a33/677301d28344896f0db8ca87_65f9812dec1f1f29019fa40b_homeowner-drainage-solutions-french-drain.jpg]
[www.northwood.ltd/blogs/protect-your-landscape-with-effective-drainage-solutions.html]
[cdn.prod.website-files.com/671fdbbc90df902a548c3a33/677301788fde1b4439c3e626_64615f8a46818cacc56c7c03_landscape-header.jpg]
[www.northwood.ltd/blogs/commercial-landscaping-maintenance-keeping-your-business-looking-professional.html]
[cdn.prod.website-files.com/671fdbbc90df902a548c3a33/6772ff7fe689a888ddee56f5_what-is-decorative-concrete.jpg]
[www.northwood.ltd/blogs/decorative-concrete-combining-durability-with-stunning-design.html]
[cdn.prod.website-files.com/671fdbbc90df902a548c3a33/6772ff05be1c2f1066c0de95_sprinkler-irrigation.jpg]
[www.northwood.ltd/blogs/sprinkler-systems-the-key-to-a-healthy-and-lush-landscape.html]
[www.northwood.ltd/blogs/retaining-walls-combining-strength-and-style-in-your-landscape.html]
[cdn.prod.website-files.com/671fdbbc90df902a548c3a33/6772fe51be1c2f1066c03d96_garden-fountain-shutterstock-com_17942.jpg]
[www.northwood.ltd/blogs/transform-your-yard-with-stunning-water-features.html]
[cdn.prod.website-files.com/671fdbbc90df902a548c3a33/6772fdaeb6ad22bb00eef877_6DUDAblog1_sod-being-rolled-out-close-up-900x600.jpg]
[www.northwood.ltd/blogs/sod-installation-101-achieving-a-beautiful-lawn-instantly.html]
[www.northwood.ltd/blogs/top-5-landscaping-features-that-add-value-to-your-home.html]
[cdn.prod.website-files.com/671fdbbc90df902a548c3a33/6772f5ee46c35e72d3874c1f_1_G1JvQ6K1KUFaBo6p5vB5Ag.jpg]
[www.northwood.ltd/blogs/the-benefits-of-artificial-turf-for-your-home-a-low-maintenance-lawn-solution.html]
[www.northwood.ltd/blogs/how-proper-drainage-solutions-protect-your-landscape-and-property.html]
[www.northwood.ltd/blogs/landscape-lighting-transform-your-yard-with-beauty-and-security.html]
[cdn.prod.website-files.com/671fdbbc90df902a548c3a33/6772f731ed117e1bef639a29_cghvh.jpg]
[www.northwood.ltd/blog.html]
[www.northwood.ltd/contact-us.html]
[cdn.prod.website-files.com/667e000bfde882eaac3b091e/667e03ad953b49258bb13a34_Vector (9).svg]
[cdn.prod.website-files.com/671a91ee07626cd6dad29988/671a95076b685f797301331d_image 188.svg]
[cdn.prod.website-files.com/671a91ee07626cd6dad29988/671a97f55941485a40965baf_green logo.svg]
[cdn.prod.website-files.com/671a91ee07626cd6dad29988/671a97f521e8900cec0048d5_white logo.svg]
[www.northwood.ltd/blogs/comprehensive-guide-to-hardscaping-patios-pathways-and-more.html]
[cdn.prod.website-files.com/671a91ee07626cd6dad29988/671e5f80997520a67a3d1e91_check1.svg]
[www.northwood.ltd/internal-services/artificial-turf.html]
[www.northwood.ltd/internal-services/sod-installation.html]
[www.northwood.ltd/internal-services/retaining-walls.html]
[cdn.prod.website-files.com/671a91ee07626cd6dad29988/671e61a1c976b00f275fe3ee_contactb.svg]
[cdn.prod.website-files.com/671a91ee07626cd6dad29988/6740a765f85da39ca683d274_ld23.png]
[www.northwood.ltd/internal-services/landscape-design.html]
[www.northwood.ltd/internal-services/landscaping.html]
[cdn.prod.website-files.com/671a91ee07626cd6dad29988/6740a80bb1a6271d9e4e39d7_LL2.png]
[www.northwood.ltd/internal-services/landscape-lighting.html]
[cdn.prod.website-files.com/671a91ee07626cd6dad29988/6740aa372ad0281ce5020cb6_hs1.png]
[www.northwood.ltd/internal-services/hardscape.html]
[www.northwood.ltd/internal-services/water-features.html]
[cdn.prod.website-files.com/671a91ee07626cd6dad29988/6740a8c04bba4b9465f5ad24_dr1.jpg]
[www.northwood.ltd/internal-services/drainage-solutions.html]
[cdn.prod.website-files.com/671a91ee07626cd6dad29988/671f4a0fe7e8f78dfcefc4a9_ci1.jpg]
[www.northwood.ltd/internal-services/concrete-installation.html]
[cdn.prod.website-files.com/671a91ee07626cd6dad29988/6740aa7f1e3f910d7c8b6759_sprinklr2.png]
[www.northwood.ltd/internal-services/sprinkler-system-installation.html]
[www.northwood.ltd/internal-services/commercial-maintenance.html]
[cdn.prod.website-files.com/671a91ee07626cd6dad29988/671ab074a581bd6fb9ea4807_Icon.svg]
[cdn.prod.website-files.com/671a91ee07626cd6dad29988/671ab0744bce2fcf0833f161_Icon (1).svg]
[cdn.prod.website-files.com/671a91ee07626cd6dad29988/671e11696be161371d1e2dfa_client1.svg]
[cdn.prod.website-files.com/671a91ee07626cd6dad29988/671e1199a0f90c680f816b9f_client2.svg]
[cdn.prod.website-files.com/671a91ee07626cd6dad29988/671e11a9f92675cb73c20d27_client3.svg]
[cdn.prod.website-files.com/671a91ee07626cd6dad29988/671e11d2dc4f64af63d0dd62_client4.svg]
[cdn.prod.website-files.com/671a91ee07626cd6dad29988/671e11dd16968fd1818b41e2_client5.svg]
[cdn.prod.website-files.com/671a91ee07626cd6dad29988/671e11eb6f4c86e30481194c_client6.svg]
[cdn.prod.website-files.com/671a91ee07626cd6dad29988/671e1202defc7bcd58f746f8_client7.svg]
[cdn.prod.website-files.com/671a91ee07626cd6dad29988/671be9471ed052ea7801b1ee_quoteblsvg.svg]
[cdn.prod.website-files.com/6706a6e8fcc70fae4bf208cf/6707e48c8ff7c05ae2940c7d_Google.svg]
[cdn.prod.website-files.com/671a91ee07626cd6dad29988/671d870f0f7c9d454be88760_Untitled.svg]
[cdn.prod.website-files.com/671a91ee07626cd6dad29988/671d870fecfa218063699bc8_Untitled (1).svg]
[www.google.com/maps/place/Big+A+Landscaping/@32.753976,-97.23447,211385m/data=!3m1!1e3!4m18!1m9!3m8!1s0x864e63db943d36f3/g/11hkxhdxs2!3m/11hkxhdxs2.35ddbf.delay]
[cdn.prod.website-files.com/671a91ee07626cd6dad29988/671bee1cb9fa2bfd187d0fb3_address.svg]
[cdn.prod.website-files.com/671a91ee07626cd6dad29988/671bef6071ccccd7400c9c67_email1.svg]
[cdn.prod.website-files.com/671a91ee07626cd6dad29988/671bef6a71ccccd7400ca39e_phone.svg]
[cdn.prod.website-files.com/671a91ee07626cd6dad29988/671c7fa484628304be63f73a_primary 1 (1).svg]
[cdn.prod.website-files.com/671a91ee07626cd6dad29988/671c8254f2358c2e99e743eb_Frame 427320208.svg]
[cdn.prod.website-files.com/671a91ee07626cd6dad29988/671c8254b0729bd414e08208_Frame 427320209.svg]
[cdn.prod.website-files.com/671a91ee07626cd6dad29988/671c13fb41f0e8d674439f53_Vector.svg]
[cdn.prod.website-files.com/671a91ee07626cd6dad29988/671c13fb41f0e8d674439f5e_Vector (1).svg]
[www.google.com/maps/place/Big+A+Landscaping/@32.753976,-97.23447,211385m/GET.html]
[www.google.com/maps/place/Big+A+Landscaping/@32.753976,-97.23447,211385m/Firefox/index.html]
[www.google.com/maps/place/Big+A+Landscaping/@32.753976,-97.23447,211385m/Edg/index.html]
[www.google.com/maps/place/Big+A+Landscaping/@32.753976,-97.23447,10z/Edg/index.html]
[www.google.com/maps/place/Big+A+Landscaping/@32.753976,-97.23447,10z/data=!4m6!3m5!1s0x864e63db943d36f3_0xc084752027/g/11hkxhdxs2ddbf.html]
[www.google.com/maps/place/Big+A+Landscaping/@32.753976,-97.23447,10z/GET.html]
[www.google.com/maps/place/Big+A+Landscaping/@32.753976,-97.23447,10z/Firefox/index.html]
[cdn.prod.website-files.com/671edfa46ed8d27b6f2a3577/css/anomaly-marketing-co.6ef32b2b7.css]
[cdn.prod.website-files.com/671edfa46ed8d27b6f2a3577/673ef19aff701059531919d4_Frame 1413372278.png]
[cdn.prod.website-files.com/671edfa46ed8d27b6f2a3577/673ef19c6b4b2027fc5499f6_Frame 1413372279.png]
[www.googletagmanager.com/gtag/js846e]
[cdnjs.cloudflare.com/ajax/libs/bxslider/4.2.15/jquery.bxslider.min.css]
[www.betheanomaly.io/_https_/cdn.prod.website-files.com/671edfa46ed8d27b6f2a3577/673d4d5e1feac46d9f1554ad_test2jilhu1027-poster-00001.jpg_]
[www.betheanomaly.io/about-us.html]
[www.betheanomaly.io/our-solutions.html]
[cdn.prod.website-files.com/671edfa46ed8d27b6f2a3577/671edfdd6940211855fe6856_Group 1413371470.png]
[cdn.prod.website-files.com/671edfa46ed8d27b6f2a3577/671f273f36532b156ff3754a_Website for Concrete.png]
[cdn.prod.website-files.com/671edfa46ed8d27b6f2a3577/671f273faf350741abd76e48_Website for Landscaping Greater Vancouver.png]
[cdn.prod.website-files.com/671edfa46ed8d27b6f2a3577/671f25d9b891f277bb39fa10_Website Pool Cleaning.png]
[cdn.prod.website-files.com/671edfa46ed8d27b6f2a3577/671f273f8d428784e1a8b816_Website Pool Building.png]
[cdn.prod.website-files.com/671edfa46ed8d27b6f2a3577/673d582484e2e0610f11c6bd_Group 1413371680.png]
[cdn.prod.website-files.com/671edfa46ed8d27b6f2a3577/673d583980b51d4e8b57a58f_Group 1413371679.png]
[cdn.prod.website-files.com/671edfa46ed8d27b6f2a3577/671f25db31fee82d13b89cba_Website for Solar Cleaning.png]
[cdn.prod.website-files.com/671edfa46ed8d27b6f2a3577/671f25db4fe74399617632d0_Website for Roofing Construction.png]
[cdn.prod.website-files.com/671edfa46ed8d27b6f2a3577/671f25db03e0aab8fea75bdf_Website For Roofing.png]
[cdn.prod.website-files.com/671edfa46ed8d27b6f2a3577/671f25db448ca484aa826ca5_Website for Concrete Contractor.png]
[cdn.prod.website-files.com/671edfa46ed8d27b6f2a3577/671f25db30f91cc2012125b4_Website for Commercial and Residential Construction.png]
[cdn.prod.website-files.com/671edfa46ed8d27b6f2a3577/671f25db420cf8502971007b_Website for Roofing Contractor.png]
[cdn.prod.website-files.com/671edfa46ed8d27b6f2a3577/671f25db8d428784e1a776f3_Website for Handyman.png]
[cdn.prod.website-files.com/671edfa46ed8d27b6f2a3577/671f25dad707d274805e6849_Website for Landscaping.png]
[cdn.prod.website-files.com/671edfa46ed8d27b6f2a3577/671f25da997520a67acfb93d_Website for Landscape Lighting.png]
[cdn.prod.website-files.com/671edfa46ed8d27b6f2a3577/671f25da420cf8502970fd46_Website for Residential Construction.png]
[cdn.prod.website-files.com/671edfa46ed8d27b6f2a3577/671f25d95f18dae2e22ab690_Website for Pool Cleaning.png]
[cdn.prod.website-files.com/671edfa46ed8d27b6f2a3577/671f25d9c6ee9f529d26c447_Website for Window Cleaning.png]
[cdn.prod.website-files.com/671edfa46ed8d27b6f2a3577/671f273f448ca484aa83b845_Website for Construciton Residential.png]
[cdn.prod.website-files.com/671edfa46ed8d27b6f2a3577/671f25d94c0ab7f950c9a0b2_Website for Solar.png]
[cdn.prod.website-files.com/671edfa46ed8d27b6f2a3577/6721b84cee1cfde218c4adff_Screenshot 2024-10-29 at 11.15.38 PM 2.png]
[cdn.prod.website-files.com/671edfa46ed8d27b6f2a3577/6721b84c6e9d1bcbaf64e0be_IMG_3275 3.png]
[cdn.prod.website-files.com/671edfa46ed8d27b6f2a3577/6721b84c39776589d3f9bfd7_IMG_0972 2 2.png]
[cdn.prod.website-files.com/671edfa46ed8d27b6f2a3577/6721b84cfd5cc6d6b87bd7dc_CLC-Logo.webp.png]
[cdn.prod.website-files.com/671edfa46ed8d27b6f2a3577/6721b84cca56f0841cb94c45_209B3C0E-A5A5-457C-B4B2-0DDEC5CF8D7B-removebg-preview-2-wt 2.png]
[cdn.prod.website-files.com/671edfa46ed8d27b6f2a3577/6721b84c3a958b2d3374b7ad_IMG_2210 3.png]
[cdn.prod.website-files.com/671edfa46ed8d27b6f2a3577/6721b84cfd06ce05b088ff7d_image 1698.png]
[cdn.prod.website-files.com/671edfa46ed8d27b6f2a3577/6721b84ccd4b12658accf298_large-red.png]
[cdn.prod.website-files.com/671edfa46ed8d27b6f2a3577/6721b84cbe211c512f70ce38_CBD Concrete 2.png]
[cdn.prod.website-files.com/671edfa46ed8d27b6f2a3577/6721b84c4d3d28dcde5789d4_salas services logo (1)-1 3.png]
[cdn.prod.website-files.com/671edfa46ed8d27b6f2a3577/6721b84cca56f0841cb94c71_BS-5-3 3.png]
[cdn.prod.website-files.com/671edfa46ed8d27b6f2a3577/6721b84cca56f0841cb94c26_Prestige Concrete Logo (fix) 2.png]
[cdn.prod.website-files.com/671edfa46ed8d27b6f2a3577/6721b84caaa03d658b1274b2_image 1694.png]
[cdn.prod.website-files.com/671edfa46ed8d27b6f2a3577/6721b84cde857596df35725b_image 1695.png]
[cdn.prod.website-files.com/671edfa46ed8d27b6f2a3577/6721b84c47b85f93ae1224fe_image 1696.png]
[cdn.prod.website-files.com/671edfa46ed8d27b6f2a3577/6721b84c6d6dbc10cc529e66_image 1697.png]
[cdn.prod.website-files.com/671edfa46ed8d27b6f2a3577/6721b84c575e393a020e0c34_PowerKeys_Locksmith.png]
[cdn.prod.website-files.com/671edfa46ed8d27b6f2a3577/6721b84c53e27c258299d566_IMG_6275-removebg-preview 2.png]
[cdn.prod.website-files.com/671edfa46ed8d27b6f2a3577/6721b84c8194328b9479c229_Group 1413371676.png]
[cdn.prod.website-files.com/671edfa46ed8d27b6f2a3577/6721b84c212eb710c972087e_Vector.png]
[cdn.prod.website-files.com/671edfa46ed8d27b6f2a3577/6721b84c5666f763dd5a8757_IMG_7171 6.png]
[cdn.prod.website-files.com/671edfa46ed8d27b6f2a3577/6721b84cd13e4322d57d374f_FullLogo_Transparent_NoBuffer (9).png]
[cdn.prod.website-files.com/671edfa46ed8d27b6f2a3577/6721b84d854bc296cb099a07_image 1509.png]
[cdn.prod.website-files.com/671edfa46ed8d27b6f2a3577/6721b84c212eb710c9720865_63f81301b2b2b1040b79dcc6_75EEE009-8ECA-4334-ABF6-14E304BCC308-2 2.png]
[cdn.prod.website-files.com/671edfa46ed8d27b6f2a3577/6721b84cd1b524a559344a58_image 1510.png]
[fast.wistia.com/assets/external/E-v1.js]
[cdn.prod.website-files.com/671edfa46ed8d27b6f2a3577/6720787175c59bb8f4b8531d_Anomaly Marketing Co.png]
[cdn.prod.website-files.com/671edfa46ed8d27b6f2a3577/67207871cbaa14852134f589_Anomaly Marketing with J&J Custom Curbing.png]
[cdn.prod.website-files.com/671edfa46ed8d27b6f2a3577/672078710fde06a0f7c69775_Anomaly Screen Printing.png]
[cdn.prod.website-files.com/671edfa46ed8d27b6f2a3577/6721a02bb9b2254e21f68cff_Anomaly Pools.png]
[cdn.prod.website-files.com/671edfa46ed8d27b6f2a3577/6721a60a3906b9d73cdfdfb8_Biz Card Pools.png]
[cdn.prod.website-files.com/671edfa46ed8d27b6f2a3577/673d326005b902921cc1cf6c_1ANOMALY MARKETING SOCIAL MEDIA.png]
[cdn.prod.website-files.com/671edfa46ed8d27b6f2a3577/6721a514379bef4b48eaf416_Mockup.png]
[cdn.prod.website-files.com/671edfa46ed8d27b6f2a3577/6721a2ddef85b0c237f59ed8_Mockup.png]
[cdn.prod.website-files.com/671edfa46ed8d27b6f2a3577/67240bfaa0ab110383e4eb3b_Anomaly Pool Services Colleyville.jpg]
[cdn.prod.website-files.com/671edfa46ed8d27b6f2a3577/67240bf9a0ab110383e4ea44_Rectangle 5746 (2).png]
[cdn.prod.website-files.com/671edfa46ed8d27b6f2a3577/67240bf9a0ab110383e4ea9d_Rectangle 5747 (1).png]
[cdn.prod.website-files.com/671edfa46ed8d27b6f2a3577/67240bfba0ab110383e4ebbf_Pool Cleaning In Southlake 1.jpg]
[cdn.prod.website-files.com/671edfa46ed8d27b6f2a3577/67240bfba0ab110383e4ebf0_Anomaly Pool Services Southlake Ty.jpg]
[cdn.prod.website-files.com/671edfa46ed8d27b6f2a3577/67240bfaa0ab110383e4eabb_Anomaly Pool Cleaning Burleson 1.jpg]
[api.leadconnectorhq.com/js/form_embed.js]
[d3e54v103j8qbb.cloudfront.net/js/jquery-3.5.1.min.dc5e7f18c85129.js]
[cdn.prod.website-files.com/671edfa46ed8d27b6f2a3577/js/anomaly-marketing-co.cb5cf111a2a7bbcdff8c8eef93a17ad9.js]
[cdn.jsdelivr.net/npm/@srexi/purecounterjs/dist/purecounter_vanilla.js]
[ajax.googleapis.com/ajax/libs/jquery/3.1.1/jquery.min.js]
[www.betheanomaly.io/index.html]
[www.googletagmanager.com/ns00ba.html]
[cdn.prod.website-files.com/671a91ee07626cd6dad29988/671a92476b685f7973fe5e76_Rectangle 24003.svg]
[cdnjs.cloudflare.com/ajax/libs/bxslider/4.2.15/jquery.bxslider.min.js]
[cdn.prod.website-files.com/671a91ee07626cd6dad29988/671aa8bf8e3252fa1258dec7_e0c0be8ac6af3f2e7d73bf3696b96312 (1]
[cdn.prod.website-files.com/671a91ee07626cd6dad29988/671d0413ba28fa82469d6409_dce0d0d756098572ffd2eedc7e5deacd (1]
[cdn.prod.website-files.com/671a91ee07626cd6dad29988/671e6b0d420cf85029eade9f_wall1 (1]
[cdn.prod.website-files.com/671a91ee07626cd6dad29988/671fd78e701ba0bf585c7690_444 (1]
[www.google.com/maps/place/Big+A+Landscaping/@32.753976,-97.23447,142165m/Edg/index.html]
[www.google.com/maps/place/Big+A+Landscaping/@32.753976,-97.23447,142165m/Edg/Edg/index.html]
[www.google.com/maps/place/Big+A+Landscaping/@32.753976,-97.23447,142165m/Edg/GET.html]
[www.google.com/maps/place/Big+A+Landscaping/@32.753976,-97.23447,142165m/Edg/Firefox/index.html]
[www.google.com/maps/place/Big+A+Landscaping/@32.753976,-97.23447,142165m/Firefox/index.html]
[www.google.com/maps/place/Big+A+Landscaping/@32.753976,-97.23447,142165m/GET.html]
[www.google.com/maps/place/Big+A+Landscaping/@32.753976,-97.23447,142165m/Firefox/Firefox/index.html]
[www.google.com/maps/place/Big+A+Landscaping/@32.753976,-97.23447,142165m/Firefox/GET.html]
[www.google.com/maps/place/Big+A+Landscaping/@32.753976,-97.23447,142165m/Firefox/Edg/index.html]
[www.facebook.com/unsupportedbrowser4964.html]
[www.facebook.com/data/manifest/index.html]
[static.xx.fbcdn.net/rsrc.php/v4/yP/r/ZQxGeuP1tWI.png]
[static.xx.fbcdn.net/rsrc.php/v4/yX/r/rzFRr25hmIl.png]
[static.xx.fbcdn.net/rsrc.php/v4/y9/r/y7MG8IZpiC8.gif]
[static.xx.fbcdn.net/rsrc.php/v4/yU/r/O7nelmd9XSI.png]
[static.xx.fbcdn.net/rsrc.php/v4/yu/r/PmjSkvyqVM-.png]
[static.xx.fbcdn.net/rsrc.php/v4/yg/r/6oZO5zjhedE.png]
[static.xx.fbcdn.net/rsrc.php/v5/yS/l/0,cross/7YlcNL8J4Gb.css]
[static.xx.fbcdn.net/rsrc.php/v4/yL/r/unHwF9CkMyM.png]
[static.xx.fbcdn.net/rsrc.php/v4/yo/r/P5YOMZ2AvVl.png]
[static.xx.fbcdn.net/rsrc.php/v4/y8/r/QmNowR8YIaT.png]
[static.xx.fbcdn.net/rsrc.php/v4/yH/r/xgVgalBG80z.png]
[static.xx.fbcdn.net/rsrc.php/v4/yd/r/18jcvVbseWI.png]
[static.xx.fbcdn.net/rsrc.php/v5/yQ/l/0,cross/G7rblbg0RjG.css]
[static.xx.fbcdn.net/rsrc.php/v4/y4/r/K8x9_ypArDA.png]
[www.facebook.com/intern/rsrc.php]
[www.facebook.com/intern/rsrc-translations.php]
[www.facebook.com/chrome-extension_/index.html]
[static.xx.fbcdn.net/rsrc.php/v4/yl/r/sjpjSqWieQB.js]
[static.xx.fbcdn.net/rsrc.php/v4i7M54/yV/l/en_US/OSXUHYJFGE-.js]
[static.xx.fbcdn.net/rsrc.php/v4/ys/r/ezPctWEb0a3.js]
[static.xx.fbcdn.net/rsrc.php/v4/yQ/r/uXBhZHMJQHl.js]
[www.facebook.com/index.html]
[www.facebook.com/si/linkclick/ajax_callback/index.html]
[www.facebook.com/si/ajax/l/index.html]
[cdn.prod.website-files.com/671a91ee07626cd6dad29988/671e7293248a1b1d23ded62f_p1.jpg]
[www.northwood.ltd/internal-services/pathways.html]
[cdn.prod.website-files.com/671a91ee07626cd6dad29988/671f47f2cb6fa0af7578d613_fd1.jpg]
[cdn.prod.website-files.com/671a91ee07626cd6dad29988/671f47f5e716b4d44b57e927_fd2.jpg]
[www.northwood.ltd/internal-services/full-outdoor-remodel.html]
[cdn.prod.website-files.com/671a91ee07626cd6dad29988/671fdf3705b27ce090de68f5_ph_caret-left.svg]
[cdn.prod.website-files.com/671a91ee07626cd6dad29988/671fe30c584617a3bb3d07e1_645353b1c2106e4accc73f15_rQuote Image.png]
[www.northwood.ltd/blogs/sod-installation-get-a-beautiful-lawn-instantly.html]
[cdn.prod.website-files.com/671a91ee07626cd6dad29988/671fdcfefde183b74e506928_Chevron Right.svg]
[www.northwood.ltd/blogs/retaining-walls-combining-beauty-and-functionality-in-your-landscape.html]
[www.northwood.ltd/blogs/artificial-turf-a-low-maintenance-lawn-for-every-season.html]
[www.northwood.ltd/blogs/landscape-design-creating-your-dream-outdoor-space.html]
[www.northwood.ltd/blogs/concrete-installation-building-strong-and-beautiful-outdoor-spaces.html]
[www.northwood.ltd/blogs/water-features-adding-serenity-and-style-to-your-landscape.html]
[www.northwood.ltd/blogs/landscape-lighting-illuminate-and-elevate-your-outdoor-space.html]
[www.northwood.ltd/blogs/sod-installation-the-fastest-way-to-a-beautiful-lawn.html]
[www.northwood.ltd/blogs/hardscape-design-adding-functionality-and-elegance-to-your-yard.html]
[www.northwood.ltd/blogs/retaining-walls-functional-beauty-for-your-landscape.html]
[www.northwood.ltd/blogs/outdoor-lighting-illuminate-your-landscape-with-style.html]
[www.northwood.ltd/blogs/artificial-turf-achieve-a-lush-low-maintenance-lawn-year-round.html]
[www.northwood.ltd/blogs/landscape-maintenance-keeping-your-outdoor-space-pristine.html]
[www.northwood.ltd/blogs/tree-planting-enhance-your-landscape-with-shade-and-beauty.html]
[www.northwood.ltd/blogs/drainage-solutions-protecting-your-yard-from-water-damage.html]
[www.northwood.ltd/blogs/hardscaping-solutions-building-beauty-and-functionality-into-your-yard.html]
[www.northwood.ltd/blogs/seasonal-lawn-care-keeping-your-yard-healthy-all-year.html]
[www.northwood.ltd/blogs/retaining-walls-more-than-just-erosion-control.html]
[www.northwood.ltd/blogs/landscape-design-transform-your-outdoor-space-into-a-personal-oasis.html]
[www.northwood.ltd/blogs/sod-installation-the-quickest-way-to-a-stunning-lawn.html]
[www.northwood.ltd/blogs/lawn-care-made-easy-professional-maintenance-tips.html]
[www.northwood.ltd/blogs/drainage-solutions-protect-your-yard-and-foundation.html]
[www.northwood.ltd/blogs/custom-patios-transform-your-outdoor-space.html]
[www.northwood.ltd/blogs/retaining-walls-your-solution-to-erosion-and-yard-stability.html]
[www.northwood.ltd/blogs/landscape-lighting-enhance-your-yards-beauty-and-security.html]
[www.northwood.ltd/blogs/sod-installation-the-fastest-way-to-a-perfect-lawn.html]
[www.northwood.ltd/blogs/retaining-walls-a-must-have-for-functional-and-beautiful-landscapes.html]
[www.northwood.ltd/blogs/lawn-aeration-the-secret-to-a-healthier-greener-lawn.html]
[cdn.prod.website-files.com/671fdbbc90df902a548c3a33/677314116f5bbcbd74a59db7_The+Perfect+Lawn+in+Six+Steps+3-27-20.jpg]
[www.northwood.ltd/blogs/lawn-maintenance-the-key-to-a-beautiful-and-healthy-yard.html]
[www.northwood.ltd/blogs/transform-your-yard-with-custom-patios-and-hardscaping.html]
[www.northwood.ltd/blogs/elevate-your-backyard-entertaining.html]
[www.northwood.ltd/blogs/water-features-transforming-your-yard-with-elegance-and-tranquility.html]
[www.northwood.ltd/blogs/professional-lawn-care-the-secret-to-a-healthy-vibrant-yard.html]
[www.northwood.ltd/blogs/custom-landscape-design-crafting-your-dream-outdoor-space.html]
[www.northwood.ltd/blogs/retaining-walls-a-blend-of-function-and-elegance.html]
[www.northwood.ltd/blogs/landscape-lighting-illuminate-your-yard-with-style-and-function.html]
[www.northwood.ltd/blogs/artificial-turf-a-smart-choice-for-modern-landscapes.html]
[www.northwood.ltd/blogs/protect-your-landscape-with-custom-drainage-solutions.html]
[www.northwood.ltd/blogs/sod-installation-your-shortcut-to-a-beautiful-lawn.html]
[www.northwood.ltd/blogs/the-ultimate-guide-to-designing-the-perfect-outdoor-patio.html]
[www.northwood.ltd/blogs/custom-landscape-design-transforming-your-outdoor-space.html]
[www.northwood.ltd/blogs/retaining-walls-combining-strength-function-and-style.html]
[www.northwood.ltd/blogs/landscape-lighting-enhancing-beauty-and-safety-after-dark.html]
[www.northwood.ltd/blogs/hardscaping-101-elevate-your-outdoor-space-with-functional-beauty.html]
[www.northwood.ltd/blogs/artificial-turf-the-perfect-solution-for-a-low-maintenance-lawn.html]
[www.northwood.ltd/blogs/the-benefits-of-professional-sod-installation-for-a-lush-lawn.html]
[www.northwood.ltd/blogs/protect-your-landscape-with-effective-drainage-solutions.html]
[www.northwood.ltd/blogs/commercial-landscaping-maintenance-keeping-your-business-looking-professional.html]
[www.northwood.ltd/blogs/decorative-concrete-combining-durability-with-stunning-design.html]
[www.northwood.ltd/blogs/sprinkler-systems-the-key-to-a-healthy-and-lush-landscape.html]
[www.northwood.ltd/blogs/retaining-walls-combining-strength-and-style-in-your-landscape.html]
[www.northwood.ltd/blogs/transform-your-yard-with-stunning-water-features.html]
[www.northwood.ltd/blogs/sod-installation-101-achieving-a-beautiful-lawn-instantly.html]
[www.northwood.ltd/blogs/top-5-landscaping-features-that-add-value-to-your-home.html]
[www.northwood.ltd/blogs/the-benefits-of-artificial-turf-for-your-home-a-low-maintenance-lawn-solution.html]
[www.northwood.ltd/blogs/how-proper-drainage-solutions-protect-your-landscape-and-property.html]
[www.northwood.ltd/blogs/landscape-lighting-transform-your-yard-with-beauty-and-security.html]
[www.northwood.ltd/blogs/comprehensive-guide-to-hardscaping-patios-pathways-and-more.html]
[cdn.prod.website-files.com/671a91ee07626cd6dad29988/671e5f80997520a67a3d1e91_check1.svg]
[cdn.prod.website-files.com/671a91ee07626cd6dad29988/671e61a1c976b00f275fe3ee_contactb.svg]
[www.google.com/maps/place/Big+A+Landscaping/@32.753976,-97.23447,211385m/Edg/index.html]
[www.google.com/maps/place/Big+A+Landscaping/@32.753976,-97.23447,211385m/Edg/Edg/index.html]
[www.google.com/maps/place/Big+A+Landscaping/@32.753976,-97.23447,211385m/Edg/Firefox/index.html]
[www.google.com/maps/place/Big+A+Landscaping/@32.753976,-97.23447,211385m/Edg/GET.html]
[www.google.com/maps/place/Big+A+Landscaping/@32.753976,-97.23447,211385m/Firefox/index.html]
[www.google.com/maps/place/Big+A+Landscaping/@32.753976,-97.23447,211385m/GET.html]
[www.google.com/maps/place/Big+A+Landscaping/@32.753976,-97.23447,211385m/Firefox/GET.html]
[www.google.com/maps/place/Big+A+Landscaping/@32.753976,-97.23447,211385m/Firefox/Edg/index.html]
[www.google.com/maps/place/Big+A+Landscaping/@32.753976,-97.23447,211385m/Firefox/Firefox/index.html]
[www.google.com/maps/place/Big+A+Landscaping/@32.753976,-97.23447,10z/Edg/index.html]
[www.google.com/maps/place/Big+A+Landscaping/@32.753976,-97.23447,10z/Edg/Edg/index.html]
[www.google.com/maps/place/Big+A+Landscaping/@32.753976,-97.23447,10z/Edg/Firefox/index.html]
[www.google.com/maps/place/Big+A+Landscaping/@32.753976,-97.23447,10z/Edg/GET.html]
[www.google.com/maps/place/Big+A+Landscaping/@32.753976,-97.23447,10z/Firefox/index.html]
[www.google.com/maps/place/Big+A+Landscaping/@32.753976,-97.23447,10z/GET.html]
[www.google.com/maps/place/Big+A+Landscaping/@32.753976,-97.23447,10z/Firefox/Firefox/index.html]
[cdn.prod.website-files.com/671edfa46ed8d27b6f2a3577/67240bf9a0ab110383e4ea31_Image Background.png]
[www.google.com/maps/place/Big+A+Landscaping/@32.753976,-97.23447,10z/Firefox/GET.html]
[www.google.com/maps/place/Big+A+Landscaping/@32.753976,-97.23447,10z/Firefox/Edg/index.html]
[cdn.prod.website-files.com/671edfa46ed8d27b6f2a3577/673d6dbba5497c1f9452f679_Roofing Marketing.jpg]
[cdn.prod.website-files.com/671edfa46ed8d27b6f2a3577/673ed8bb2d5218b7ec4a525f_Anomaly Social Media.jpg]
[cdn.prod.website-files.com/671edfa46ed8d27b6f2a3577/673d69aa9a5cd6110db7a269_hero-image-3.jpg]
[cdn.prod.website-files.com/671edfa46ed8d27b6f2a3577/673d6ee2b820b26125eb3b01_Blue Collar Marketing.jpg]
[cdn.prod.website-files.com/671edfa46ed8d27b6f2a3577/673d918d938b8c2d2538956f_AR708796 1.jpg]
[cdn.prod.website-files.com/671edfa46ed8d27b6f2a3577/673d6ee1c9ef1f2a69437e3a_Social Media Manager Near Me.jpg]
[cdn.prod.website-files.com/671edfa46ed8d27b6f2a3577/673d918d230332dedfc13730_AR706179 1.jpg]
[cdn.prod.website-files.com/671edfa46ed8d27b6f2a3577/673d6ee2b820b26125eb3acf_Anomaly Marketing.jpg]
[cdn.prod.website-files.com/671edfa46ed8d27b6f2a3577/673d918d4a269f8ac74beb79_AR708612 1.jpg]
[cdn.prod.website-files.com/671edfa46ed8d27b6f2a3577/673d749cedceefd8626a0b2b_Benefit.png]
[cdn.prod.website-files.com/671edfa46ed8d27b6f2a3577/673ed49c1055e17f877f477b_123.png]
[cdn.prod.website-files.com/671edfa46ed8d27b6f2a3577/css/anomaly-marketing-co.6ef32b2b7.css]
[cdnjs.cloudflare.com/ajax/libs/bxslider/4.2.15/images/bx_loader.gif]
[cdnjs.cloudflare.com/ajax/libs/bxslider/4.2.15/images/controls.png]
[cdnjs.cloudflare.com/ajax/libs/bxslider/4.2.15/jquery.bxslider.min.css]
[www.betheanomaly.io/_https_/cdn.prod.website-files.com/671edfa46ed8d27b6f2a3577/673d4d5e1feac46d9f1554ad_test2jilhu1027-poster-00001.html]
[cdn.prod.website-files.com/671edfa46ed8d27b6f2a3577/673d717657f8dffc23f3d57d_J and J Custom Curbing.jpg]
[cdn.prod.website-files.com/671edfa46ed8d27b6f2a3577/673d712c3b58b3bbef711bcb_The founder, AK sitting down with Yasir from ListingHippo.png]
[cdn.prod.website-files.com/671edfa46ed8d27b6f2a3577/673d7b3657f8dffc23fcea79_Rectangle 23882.jpg]
[cdn.prod.website-files.com/671edfa46ed8d27b6f2a3577/673d7b364a269f8ac736e7b9_Rectangle 23882-1.jpg]
[cdn.prod.website-files.com/671edfa46ed8d27b6f2a3577/673d7b361e69cff12ea8e920_Rectangle 23882-2.jpg]
[cdn.prod.website-files.com/671edfa46ed8d27b6f2a3577/673d86d035f8ee2085c5a626_AR701258 1.jpg]
[cdn.prod.website-files.com/671edfa46ed8d27b6f2a3577/673d86d035f8ee2085c5a62f_AR701244 1.jpg]
[cdn.prod.website-files.com/671edfa46ed8d27b6f2a3577/673d86d035f8ee2085c5a61d_AR701257 1.jpg]
[cdn.prod.website-files.com/671edfa46ed8d27b6f2a3577/673d8801ce54620949643d94_Jacob Trexler Anomaly.jpg]
[cdn.prod.website-files.com/671edfa46ed8d27b6f2a3577/673d8801b820b2612501111e_Braxton Anomaly.jpg]
[cdn.prod.website-files.com/671edfa46ed8d27b6f2a3577/673d889663aaac9e3311f769_Group 1413371686.jpg]
[cdn.prod.website-files.com/671edfa46ed8d27b6f2a3577/673d8801ebab3c9318ff9bf5_Will Kingswood Landscape.jpg]
[cdn.prod.website-files.com/671edfa46ed8d27b6f2a3577/673d8803115e879eb9974f77_Carson Kingswood Landscape.jpeg.jpg]
[www.betheanomaly.io/about-us.html]
[www.betheanomaly.io/our-solutions.html]
[www.google.com/maps/place/Big+A+Landscaping/@32.753976,-97.23447,142165m/Edg/Edg/index.html]
[www.google.com/maps/place/Big+A+Landscaping/@32.753976,-97.23447,142165m/Edg/Edg/Firefox/index.html]
[www.google.com/maps/place/Big+A+Landscaping/@32.753976,-97.23447,142165m/Edg/Edg/GET.html]
[www.google.com/maps/place/Big+A+Landscaping/@32.753976,-97.23447,142165m/Edg/Edg/Edg/index.html]
[www.google.com/maps/place/Big+A+Landscaping/@32.753976,-97.23447,142165m/Edg/Firefox/index.html]
[www.google.com/maps/place/Big+A+Landscaping/@32.753976,-97.23447,142165m/Edg/GET.html]
[www.google.com/maps/place/Big+A+Landscaping/@32.753976,-97.23447,142165m/Edg/Firefox/Firefox/index.html]
[www.google.com/maps/place/Big+A+Landscaping/@32.753976,-97.23447,142165m/Edg/Firefox/GET.html]
[www.google.com/maps/place/Big+A+Landscaping/@32.753976,-97.23447,142165m/Edg/Firefox/Edg/index.html]
[www.google.com/maps/place/Big+A+Landscaping/@32.753976,-97.23447,142165m/Firefox/Edg/index.html]
[www.google.com/maps/place/Big+A+Landscaping/@32.753976,-97.23447,142165m/Firefox/Edg/Edg/index.html]
[www.google.com/maps/place/Big+A+Landscaping/@32.753976,-97.23447,142165m/Firefox/Edg/GET.html]
[www.google.com/maps/place/Big+A+Landscaping/@32.753976,-97.23447,142165m/Firefox/Edg/Firefox/index.html]
[www.google.com/maps/place/Big+A+Landscaping/@32.753976,-97.23447,142165m/Firefox/Firefox/Edg/index.html]
[www.google.com/maps/place/Big+A+Landscaping/@32.753976,-97.23447,142165m/Firefox/Firefox/index.html]
[www.google.com/maps/place/Big+A+Landscaping/@32.753976,-97.23447,142165m/Firefox/GET.html]
[www.facebook.com/Firefox/index.html]
[www.facebook.com/Edg/index.html]
[www.facebook.com/Chrome/index.html]
[www.facebook.com/CriOS/index.html]
[www.facebook.com/Safari/index.html]
[www.facebook.com/Version/index.html]
[www.facebook.com/chrome-extension_/index.html]
[www.facebook.com/^([^_/indexd41d.html]
[www.facebook.com/nw/index.html]
[www.facebook.com/intern/rsrc.html]
[www.facebook.com/intern/rsrc-translations.html]
[www.facebook.com/ads/manager/account/settings/index.html]
[www.facebook.com/adsmanager/index.html]
[www.facebook.com/ABCDEFGHIJKLMNOPQRSTUVWXYZabcdefghijklmnopqrstuvwxyz0123456789+/index.html]
[www.facebook.com/cookie/consent/index.html]
[www.facebook.com/si/linkclick/ajax_callback/index.html]
[www.facebook.com/si/ajax/l/index.html]
[www.facebook.com/l/index.html]
[cdn.prod.website-files.com/671a91ee07626cd6dad29988/671fdf3705b27ce090de68f5_ph_caret-left.svg]
[www.google.com/maps/place/Big+A+Landscaping/@32.753976,-97.23447,142165m/Firefox/Firefox/GET.html]
[www.google.com/maps/place/Big+A+Landscaping/@32.753976,-97.23447,142165m/Firefox/Firefox/Firefox/index.html]
[www.google.com/maps/place/Big+A+Landscaping/@32.753976,-97.23447,211385m/Edg/Edg/index.html]
[www.google.com/maps/place/Big+A+Landscaping/@32.753976,-97.23447,211385m/Edg/Edg/Edg/index.html]
[www.google.com/maps/place/Big+A+Landscaping/@32.753976,-97.23447,211385m/Edg/Edg/GET.html]
[www.google.com/maps/place/Big+A+Landscaping/@32.753976,-97.23447,211385m/Edg/Firefox/index.html]
[www.google.com/maps/place/Big+A+Landscaping/@32.753976,-97.23447,211385m/Edg/Edg/Firefox/index.html]
[www.google.com/maps/place/Big+A+Landscaping/@32.753976,-97.23447,211385m/Edg/GET.html]
[www.google.com/maps/place/Big+A+Landscaping/@32.753976,-97.23447,211385m/Edg/Firefox/GET.html]
[www.google.com/maps/place/Big+A+Landscaping/@32.753976,-97.23447,211385m/Edg/Firefox/Edg/index.html]
[www.google.com/maps/place/Big+A+Landscaping/@32.753976,-97.23447,211385m/Edg/Firefox/Firefox/index.html]
[www.google.com/maps/place/Big+A+Landscaping/@32.753976,-97.23447,211385m/Firefox/Edg/index.html]
[www.google.com/maps/place/Big+A+Landscaping/@32.753976,-97.23447,211385m/Firefox/Edg/GET.html]
[www.google.com/maps/place/Big+A+Landscaping/@32.753976,-97.23447,211385m/Firefox/Edg/Firefox/index.html]
[www.google.com/maps/place/Big+A+Landscaping/@32.753976,-97.23447,211385m/Firefox/Edg/Edg/index.html]
[www.google.com/maps/place/Big+A+Landscaping/@32.753976,-97.23447,211385m/Firefox/Firefox/index.html]
[www.google.com/maps/place/Big+A+Landscaping/@32.753976,-97.23447,211385m/Firefox/GET.html]
[www.google.com/maps/place/Big+A+Landscaping/@32.753976,-97.23447,211385m/Firefox/Firefox/GET.html]
[www.google.com/maps/place/Big+A+Landscaping/@32.753976,-97.23447,211385m/Firefox/Firefox/Edg/index.html]
[www.google.com/maps/place/Big+A+Landscaping/@32.753976,-97.23447,211385m/Firefox/Firefox/Firefox/index.html]
[www.google.com/maps/place/Big+A+Landscaping/@32.753976,-97.23447,10z/Edg/Edg/index.html]
[www.google.com/maps/place/Big+A+Landscaping/@32.753976,-97.23447,10z/Edg/Edg/Edg/index.html]
[www.google.com/maps/place/Big+A+Landscaping/@32.753976,-97.23447,10z/Edg/Edg/Firefox/index.html]
[www.google.com/maps/place/Big+A+Landscaping/@32.753976,-97.23447,10z/Edg/Firefox/index.html]
[www.google.com/maps/place/Big+A+Landscaping/@32.753976,-97.23447,10z/Edg/Edg/GET.html]
[www.google.com/maps/place/Big+A+Landscaping/@32.753976,-97.23447,10z/Edg/GET.html]
[www.google.com/maps/place/Big+A+Landscaping/@32.753976,-97.23447,10z/Edg/Firefox/GET.html]
[www.google.com/maps/place/Big+A+Landscaping/@32.753976,-97.23447,10z/Edg/Firefox/Edg/index.html]
[www.google.com/maps/place/Big+A+Landscaping/@32.753976,-97.23447,10z/Edg/Firefox/Firefox/index.html]
[www.google.com/maps/place/Big+A+Landscaping/@32.753976,-97.23447,10z/Firefox/Edg/index.html]
[www.google.com/maps/place/Big+A+Landscaping/@32.753976,-97.23447,10z/Firefox/Edg/Edg/index.html]
[www.google.com/maps/place/Big+A+Landscaping/@32.753976,-97.23447,10z/Firefox/Edg/Firefox/index.html]
[www.google.com/maps/place/Big+A+Landscaping/@32.753976,-97.23447,10z/Firefox/Edg/GET.html]
[www.google.com/maps/place/Big+A+Landscaping/@32.753976,-97.23447,10z/Firefox/Firefox/index.html]
[www.google.com/maps/place/Big+A+Landscaping/@32.753976,-97.23447,10z/Firefox/GET.html]
[www.google.com/maps/place/Big+A+Landscaping/@32.753976,-97.23447,10z/Firefox/Firefox/Firefox/index.html]
[www.google.com/maps/place/Big+A+Landscaping/@32.753976,-97.23447,10z/Firefox/Firefox/GET.html]
[www.google.com/maps/place/Big+A+Landscaping/@32.753976,-97.23447,10z/Firefox/Firefox/Edg/index.html]
[www.google.com/maps/place/Big+A+Landscaping/@32.753976,-97.23447,142165m/Edg/Edg/Edg/index.html]
[www.google.com/maps/place/Big+A+Landscaping/@32.753976,-97.23447,142165m/Edg/Edg/Edg/GET.html]
[www.google.com/maps/place/Big+A+Landscaping/@32.753976,-97.23447,142165m/Edg/Edg/Edg/Edg/index.html]
[www.google.com/maps/place/Big+A+Landscaping/@32.753976,-97.23447,142165m/Edg/Edg/Edg/Firefox/index.html]
[www.google.com/maps/place/Big+A+Landscaping/@32.753976,-97.23447,142165m/Edg/Edg/Firefox/index.html]
[www.google.com/maps/place/Big+A+Landscaping/@32.753976,-97.23447,142165m/Edg/Edg/GET.html]
[www.google.com/maps/place/Big+A+Landscaping/@32.753976,-97.23447,142165m/Edg/Edg/Firefox/Firefox/index.html]
[www.google.com/maps/place/Big+A+Landscaping/@32.753976,-97.23447,142165m/Edg/Edg/Firefox/GET.html]
[www.google.com/maps/place/Big+A+Landscaping/@32.753976,-97.23447,142165m/Edg/Edg/Firefox/Edg/index.html]
[www.google.com/maps/place/Big+A+Landscaping/@32.753976,-97.23447,142165m/Edg/Firefox/Edg/index.html]
[www.google.com/maps/place/Big+A+Landscaping/@32.753976,-97.23447,142165m/Edg/Firefox/Edg/GET.html]
[www.google.com/maps/place/Big+A+Landscaping/@32.753976,-97.23447,142165m/Edg/Firefox/Edg/Edg/index.html]
[www.google.com/maps/place/Big+A+Landscaping/@32.753976,-97.23447,142165m/Edg/Firefox/Edg/Firefox/index.html]
[www.google.com/maps/place/Big+A+Landscaping/@32.753976,-97.23447,142165m/Edg/Firefox/Firefox/index.html]
[www.google.com/maps/place/Big+A+Landscaping/@32.753976,-97.23447,142165m/Edg/Firefox/GET.html]
[www.google.com/maps/place/Big+A+Landscaping/@32.753976,-97.23447,142165m/Edg/Firefox/Firefox/Edg/index.html]
[www.google.com/maps/place/Big+A+Landscaping/@32.753976,-97.23447,142165m/Edg/Firefox/Firefox/Firefox/index.html]
[www.google.com/maps/place/Big+A+Landscaping/@32.753976,-97.23447,142165m/Edg/Firefox/Firefox/GET.html]
[www.google.com/maps/place/Big+A+Landscaping/@32.753976,-97.23447,142165m/Firefox/Edg/Edg/index.html]
[www.google.com/maps/place/Big+A+Landscaping/@32.753976,-97.23447,142165m/Firefox/Edg/Edg/Firefox/index.html]
[www.google.com/maps/place/Big+A+Landscaping/@32.753976,-97.23447,142165m/Firefox/Edg/Edg/GET.html]
[www.google.com/maps/place/Big+A+Landscaping/@32.753976,-97.23447,142165m/Firefox/Edg/Firefox/index.html]
[www.google.com/maps/place/Big+A+Landscaping/@32.753976,-97.23447,142165m/Firefox/Edg/Edg/Edg/index.html]
[www.google.com/maps/place/Big+A+Landscaping/@32.753976,-97.23447,142165m/Firefox/Edg/GET.html]
[www.google.com/maps/place/Big+A+Landscaping/@32.753976,-97.23447,142165m/Firefox/Edg/Firefox/Edg/index.html]
[www.google.com/maps/place/Big+A+Landscaping/@32.753976,-97.23447,142165m/Firefox/Edg/Firefox/Firefox/index.html]
[www.google.com/maps/place/Big+A+Landscaping/@32.753976,-97.23447,142165m/Firefox/Edg/Firefox/GET.html]
[www.google.com/maps/place/Big+A+Landscaping/@32.753976,-97.23447,142165m/Firefox/Firefox/Edg/index.html]
[www.google.com/maps/place/Big+A+Landscaping/@32.753976,-97.23447,142165m/Firefox/Firefox/Edg/GET.html]
[www.google.com/maps/place/Big+A+Landscaping/@32.753976,-97.23447,142165m/Firefox/Firefox/Edg/Firefox/index.html]
[www.google.com/maps/place/Big+A+Landscaping/@32.753976,-97.23447,142165m/Firefox/Firefox/Edg/Edg/index.html]
[www.google.com/maps/place/Big+A+Landscaping/@32.753976,-97.23447,142165m/Firefox/Firefox/Firefox/Edg/index.html]
[www.google.com/maps/place/Big+A+Landscaping/@32.753976,-97.23447,142165m/Firefox/Firefox/Firefox/index.html]
[www.google.com/maps/place/Big+A+Landscaping/@32.753976,-97.23447,142165m/Firefox/Firefox/GET.html]
[www.google.com/maps/place/Big+A+Landscaping/@32.753976,-97.23447,142165m/Firefox/Firefox/Firefox/GET.html]
[www.google.com/maps/place/Big+A+Landscaping/@32.753976,-97.23447,142165m/Firefox/Firefox/Firefox/Firefox/index.html]
[www.google.com/maps/place/Big+A+Landscaping/@32.753976,-97.23447,211385m/Edg/Edg/Edg/index.html]
[www.google.com/maps/place/Big+A+Landscaping/@32.753976,-97.23447,211385m/Edg/Edg/Edg/Firefox/index.html]
[www.google.com/maps/place/Big+A+Landscaping/@32.753976,-97.23447,211385m/Edg/Edg/Edg/GET.html]
[www.google.com/maps/place/Big+A+Landscaping/@32.753976,-97.23447,211385m/Edg/Edg/Edg/Edg/index.html]
[www.google.com/maps/place/Big+A+Landscaping/@32.753976,-97.23447,211385m/Edg/Edg/Firefox/index.html]
[www.google.com/maps/place/Big+A+Landscaping/@32.753976,-97.23447,211385m/Edg/Edg/GET.html]
[www.google.com/maps/place/Big+A+Landscaping/@32.753976,-97.23447,211385m/Edg/Edg/Firefox/Edg/index.html]
[www.google.com/maps/place/Big+A+Landscaping/@32.753976,-97.23447,211385m/Edg/Edg/Firefox/GET.html]
[www.google.com/maps/place/Big+A+Landscaping/@32.753976,-97.23447,211385m/Edg/Edg/Firefox/Firefox/index.html]
[www.google.com/maps/place/Big+A+Landscaping/@32.753976,-97.23447,211385m/Edg/Firefox/Edg/index.html]
[www.google.com/maps/place/Big+A+Landscaping/@32.753976,-97.23447,211385m/Edg/Firefox/Edg/Edg/index.html]
[www.google.com/maps/place/Big+A+Landscaping/@32.753976,-97.23447,211385m/Edg/Firefox/Edg/GET.html]
[www.google.com/maps/place/Big+A+Landscaping/@32.753976,-97.23447,211385m/Edg/Firefox/Edg/Firefox/index.html]
[www.google.com/maps/place/Big+A+Landscaping/@32.753976,-97.23447,211385m/Edg/Firefox/Firefox/index.html]
[www.google.com/maps/place/Big+A+Landscaping/@32.753976,-97.23447,211385m/Edg/Firefox/GET.html]
[www.google.com/maps/place/Big+A+Landscaping/@32.753976,-97.23447,211385m/Edg/Firefox/Firefox/Edg/index.html]
[www.google.com/maps/place/Big+A+Landscaping/@32.753976,-97.23447,211385m/Edg/Firefox/Firefox/Firefox/index.html]
[www.google.com/maps/place/Big+A+Landscaping/@32.753976,-97.23447,211385m/Edg/Firefox/Firefox/GET.html]
[www.google.com/maps/place/Big+A+Landscaping/@32.753976,-97.23447,211385m/Firefox/Edg/Edg/index.html]
[www.google.com/maps/place/Big+A+Landscaping/@32.753976,-97.23447,211385m/Firefox/Edg/Edg/Edg/index.html]
[www.google.com/maps/place/Big+A+Landscaping/@32.753976,-97.23447,211385m/Firefox/Edg/Edg/GET.html]
[www.google.com/maps/place/Big+A+Landscaping/@32.753976,-97.23447,211385m/Firefox/Edg/Edg/Firefox/index.html]
[www.google.com/maps/place/Big+A+Landscaping/@32.753976,-97.23447,211385m/Firefox/Edg/Firefox/index.html]
[www.google.com/maps/place/Big+A+Landscaping/@32.753976,-97.23447,211385m/Firefox/Edg/GET.html]
[www.google.com/maps/place/Big+A+Landscaping/@32.753976,-97.23447,211385m/Firefox/Edg/Firefox/Firefox/index.html]
[www.google.com/maps/place/Big+A+Landscaping/@32.753976,-97.23447,211385m/Firefox/Edg/Firefox/Edg/index.html]
[www.google.com/maps/place/Big+A+Landscaping/@32.753976,-97.23447,211385m/Firefox/Edg/Firefox/GET.html]
[www.google.com/maps/place/Big+A+Landscaping/@32.753976,-97.23447,211385m/Firefox/Firefox/Edg/index.html]
[www.google.com/maps/place/Big+A+Landscaping/@32.753976,-97.23447,211385m/Firefox/Firefox/Edg/Edg/index.html]
[www.google.com/maps/place/Big+A+Landscaping/@32.753976,-97.23447,211385m/Firefox/Firefox/Edg/GET.html]
[www.google.com/maps/place/Big+A+Landscaping/@32.753976,-97.23447,211385m/Firefox/Firefox/Edg/Firefox/index.html]
[www.google.com/maps/place/Big+A+Landscaping/@32.753976,-97.23447,211385m/Firefox/Firefox/Firefox/index.html]
[www.google.com/maps/place/Big+A+Landscaping/@32.753976,-97.23447,211385m/Firefox/Firefox/GET.html]
[www.google.com/maps/place/Big+A+Landscaping/@32.753976,-97.23447,211385m/Firefox/Firefox/Firefox/Edg/index.html]
[www.google.com/maps/place/Big+A+Landscaping/@32.753976,-97.23447,211385m/Firefox/Firefox/Firefox/Firefox/index.html]
[www.google.com/maps/place/Big+A+Landscaping/@32.753976,-97.23447,211385m/Firefox/Firefox/Firefox/GET.html]
[www.google.com/maps/place/Big+A+Landscaping/@32.753976,-97.23447,10z/Edg/Edg/Edg/index.html]
[www.google.com/maps/place/Big+A+Landscaping/@32.753976,-97.23447,10z/Edg/Edg/Firefox/index.html]
[www.google.com/maps/place/Big+A+Landscaping/@32.753976,-97.23447,10z/Edg/Edg/GET.html]
[www.google.com/maps/place/Big+A+Landscaping/@32.753976,-97.23447,10z/Edg/Firefox/Edg/index.html]
[www.google.com/maps/place/Big+A+Landscaping/@32.753976,-97.23447,10z/Edg/Firefox/Firefox/index.html]
[www.google.com/maps/place/Big+A+Landscaping/@32.753976,-97.23447,10z/Edg/Firefox/GET.html]
[www.google.com/maps/place/Big+A+Landscaping/@32.753976,-97.23447,10z/Firefox/Edg/Edg/index.html]
[www.google.com/maps/place/Big+A+Landscaping/@32.753976,-97.23447,10z/Firefox/Edg/Firefox/index.html]
[www.google.com/maps/place/Big+A+Landscaping/@32.753976,-97.23447,10z/Firefox/Edg/GET.html]
[www.google.com/maps/place/Big+A+Landscaping/@32.753976,-97.23447,10z/Firefox/Firefox/Edg/index.html]
[www.google.com/maps/place/Big+A+Landscaping/@32.753976,-97.23447,10z/Firefox/Firefox/Firefox/index.html]
[www.google.com/maps/place/Big+A+Landscaping/@32.753976,-97.23447,10z/Firefox/Firefox/GET.html]
[www.google.com/maps/place/Big+A+Landscaping/@32.753976,-97.23447,142165m/Edg/Edg/Edg/Edg/index.html]
[www.google.com/maps/place/Big+A+Landscaping/@32.753976,-97.23447,142165m/Edg/Edg/Edg/Firefox/index.html]
[www.google.com/maps/place/Big+A+Landscaping/@32.753976,-97.23447,142165m/Edg/Edg/Edg/GET.html]
[www.google.com/maps/place/Big+A+Landscaping/@32.753976,-97.23447,142165m/Edg/Edg/Firefox/Edg/index.html]
[www.google.com/maps/place/Big+A+Landscaping/@32.753976,-97.23447,142165m/Edg/Edg/Firefox/Firefox/index.html]
[www.google.com/maps/place/Big+A+Landscaping/@32.753976,-97.23447,142165m/Edg/Edg/Firefox/GET.html]
[www.google.com/maps/place/Big+A+Landscaping/@32.753976,-97.23447,142165m/Edg/Firefox/Edg/Edg/index.html]
[www.google.com/maps/place/Big+A+Landscaping/@32.753976,-97.23447,142165m/Edg/Firefox/Edg/Firefox/index.html]
[www.google.com/maps/place/Big+A+Landscaping/@32.753976,-97.23447,142165m/Edg/Firefox/Edg/GET.html]
[www.google.com/maps/place/Big+A+Landscaping/@32.753976,-97.23447,142165m/Edg/Firefox/Firefox/Edg/index.html]
[www.google.com/maps/place/Big+A+Landscaping/@32.753976,-97.23447,142165m/Edg/Firefox/Firefox/Firefox/index.html]
[www.google.com/maps/place/Big+A+Landscaping/@32.753976,-97.23447,142165m/Edg/Firefox/Firefox/GET.html]
[www.google.com/maps/place/Big+A+Landscaping/@32.753976,-97.23447,142165m/Firefox/Edg/Edg/Edg/index.html]
[www.google.com/maps/place/Big+A+Landscaping/@32.753976,-97.23447,142165m/Firefox/Edg/Edg/Firefox/index.html]
[www.google.com/maps/place/Big+A+Landscaping/@32.753976,-97.23447,142165m/Firefox/Edg/Edg/GET.html]
[www.google.com/maps/place/Big+A+Landscaping/@32.753976,-97.23447,142165m/Firefox/Edg/Firefox/Edg/index.html]
[www.google.com/maps/place/Big+A+Landscaping/@32.753976,-97.23447,142165m/Firefox/Edg/Firefox/Firefox/index.html]
[www.google.com/maps/place/Big+A+Landscaping/@32.753976,-97.23447,142165m/Firefox/Edg/Firefox/GET.html]
[www.google.com/maps/place/Big+A+Landscaping/@32.753976,-97.23447,142165m/Firefox/Firefox/Edg/Edg/index.html]
[www.google.com/maps/place/Big+A+Landscaping/@32.753976,-97.23447,142165m/Firefox/Firefox/Edg/Firefox/index.html]
[www.google.com/maps/place/Big+A+Landscaping/@32.753976,-97.23447,142165m/Firefox/Firefox/Edg/GET.html]
[www.google.com/maps/place/Big+A+Landscaping/@32.753976,-97.23447,142165m/Firefox/Firefox/Firefox/Edg/index.html]
[www.google.com/maps/place/Big+A+Landscaping/@32.753976,-97.23447,142165m/Firefox/Firefox/Firefox/Firefox/index.html]
[www.google.com/maps/place/Big+A+Landscaping/@32.753976,-97.23447,142165m/Firefox/Firefox/Firefox/GET.html]
[www.google.com/maps/place/Big+A+Landscaping/@32.753976,-97.23447,211385m/Edg/Edg/Edg/Edg/index.html]
[www.google.com/maps/place/Big+A+Landscaping/@32.753976,-97.23447,211385m/Edg/Edg/Edg/Firefox/index.html]
[www.google.com/maps/place/Big+A+Landscaping/@32.753976,-97.23447,211385m/Edg/Edg/Edg/GET.html]
[www.google.com/maps/place/Big+A+Landscaping/@32.753976,-97.23447,211385m/Edg/Edg/Firefox/Edg/index.html]
[www.google.com/maps/place/Big+A+Landscaping/@32.753976,-97.23447,211385m/Edg/Edg/Firefox/Firefox/index.html]
[www.google.com/maps/place/Big+A+Landscaping/@32.753976,-97.23447,211385m/Edg/Edg/Firefox/GET.html]
[www.google.com/maps/place/Big+A+Landscaping/@32.753976,-97.23447,211385m/Edg/Firefox/Edg/Edg/index.html]
[www.google.com/maps/place/Big+A+Landscaping/@32.753976,-97.23447,211385m/Edg/Firefox/Edg/Firefox/index.html]
[www.google.com/maps/place/Big+A+Landscaping/@32.753976,-97.23447,211385m/Edg/Firefox/Edg/GET.html]
[www.google.com/maps/place/Big+A+Landscaping/@32.753976,-97.23447,211385m/Edg/Firefox/Firefox/Edg/index.html]
[www.google.com/maps/place/Big+A+Landscaping/@32.753976,-97.23447,211385m/Edg/Firefox/Firefox/Firefox/index.html]
[www.google.com/maps/place/Big+A+Landscaping/@32.753976,-97.23447,211385m/Edg/Firefox/Firefox/GET.html]
[www.google.com/maps/place/Big+A+Landscaping/@32.753976,-97.23447,211385m/Firefox/Edg/Edg/Edg/index.html]
[www.google.com/maps/place/Big+A+Landscaping/@32.753976,-97.23447,211385m/Firefox/Edg/Edg/Firefox/index.html]
[www.google.com/maps/place/Big+A+Landscaping/@32.753976,-97.23447,211385m/Firefox/Edg/Edg/GET.html]
[www.google.com/maps/place/Big+A+Landscaping/@32.753976,-97.23447,211385m/Firefox/Edg/Firefox/Edg/index.html]
[www.google.com/maps/place/Big+A+Landscaping/@32.753976,-97.23447,211385m/Firefox/Edg/Firefox/Firefox/index.html]
[www.google.com/maps/place/Big+A+Landscaping/@32.753976,-97.23447,211385m/Firefox/Edg/Firefox/GET.html]
[www.google.com/maps/place/Big+A+Landscaping/@32.753976,-97.23447,211385m/Firefox/Firefox/Edg/Edg/index.html]
[www.google.com/maps/place/Big+A+Landscaping/@32.753976,-97.23447,211385m/Firefox/Firefox/Edg/Firefox/index.html]
[www.google.com/maps/place/Big+A+Landscaping/@32.753976,-97.23447,211385m/Firefox/Firefox/Edg/GET.html]
[www.google.com/maps/place/Big+A+Landscaping/@32.753976,-97.23447,211385m/Firefox/Firefox/Firefox/Edg/index.html]
[www.google.com/maps/place/Big+A+Landscaping/@32.753976,-97.23447,211385m/Firefox/Firefox/Firefox/Firefox/index.html]
[www.google.com/maps/place/Big+A+Landscaping/@32.753976,-97.23447,211385m/Firefox/Firefox/Firefox/GET.html]
[www.google.com/maps/place/Big+A+Landscaping/@32.753976,-97.23447,10z/Edg/Edg/Edg/Edg/index.html]
[www.google.com/maps/place/Big+A+Landscaping/@32.753976,-97.23447,10z/Edg/Edg/Edg/Firefox/index.html]
[www.google.com/maps/place/Big+A+Landscaping/@32.753976,-97.23447,10z/Edg/Edg/Firefox/Edg/index.html]
[www.google.com/maps/place/Big+A+Landscaping/@32.753976,-97.23447,10z/Edg/Edg/Firefox/Firefox/index.html]
[www.google.com/maps/place/Big+A+Landscaping/@32.753976,-97.23447,10z/Edg/Firefox/Edg/Edg/index.html]
[www.google.com/maps/place/Big+A+Landscaping/@32.753976,-97.23447,10z/Edg/Firefox/Edg/Firefox/index.html]
[www.google.com/maps/place/Big+A+Landscaping/@32.753976,-97.23447,10z/Edg/Firefox/Firefox/Edg/index.html]
[www.google.com/maps/place/Big+A+Landscaping/@32.753976,-97.23447,10z/Edg/Firefox/Firefox/Firefox/index.html]
[www.google.com/maps/place/Big+A+Landscaping/@32.753976,-97.23447,10z/Firefox/Edg/Edg/Edg/index.html]
[www.google.com/maps/place/Big+A+Landscaping/@32.753976,-97.23447,10z/Firefox/Edg/Edg/Firefox/index.html]
[www.google.com/maps/place/Big+A+Landscaping/@32.753976,-97.23447,10z/Firefox/Edg/Firefox/Edg/index.html]
[www.google.com/maps/place/Big+A+Landscaping/@32.753976,-97.23447,10z/Firefox/Edg/Firefox/Firefox/index.html]
[www.google.com/maps/place/Big+A+Landscaping/@32.753976,-97.23447,10z/Firefox/Firefox/Edg/Edg/index.html]
[www.google.com/maps/place/Big+A+Landscaping/@32.753976,-97.23447,10z/Firefox/Firefox/Edg/Firefox/index.html]
[www.google.com/maps/place/Big+A+Landscaping/@32.753976,-97.23447,10z/Firefox/Firefox/Firefox/Edg/index.html]
[www.google.com/maps/place/Big+A+Landscaping/@32.753976,-97.23447,10z/Firefox/Firefox/Firefox/Firefox/index.html]
[www.google.com/maps/place/Big+A+Landscaping/@32.753976,-97.23447,142165m/Edg/Edg/Edg/Edg/Edg/index.html]
[www.google.com/maps/place/Big+A+Landscaping/@32.753976,-97.23447,142165m/Edg/Edg/Edg/Edg/Firefox/index.html]
[www.google.com/maps/place/Big+A+Landscaping/@32.753976,-97.23447,142165m/Edg/Edg/Edg/Firefox/Edg/index.html]
[www.google.com/maps/place/Big+A+Landscaping/@32.753976,-97.23447,142165m/Edg/Edg/Edg/Firefox/Firefox/index.html]
[www.google.com/maps/place/Big+A+Landscaping/@32.753976,-97.23447,142165m/Edg/Edg/Firefox/Edg/Edg/index.html]
[www.google.com/maps/place/Big+A+Landscaping/@32.753976,-97.23447,142165m/Edg/Edg/Firefox/Edg/Firefox/index.html]
[www.google.com/maps/place/Big+A+Landscaping/@32.753976,-97.23447,142165m/Edg/Edg/Firefox/Firefox/Edg/index.html]
[www.google.com/maps/place/Big+A+Landscaping/@32.753976,-97.23447,142165m/Edg/Edg/Firefox/Firefox/Firefox/index.html]
[www.google.com/maps/place/Big+A+Landscaping/@32.753976,-97.23447,142165m/Edg/Firefox/Edg/Edg/Edg/index.html]
[www.google.com/maps/place/Big+A+Landscaping/@32.753976,-97.23447,142165m/Edg/Firefox/Edg/Edg/Firefox/index.html]
[www.google.com/maps/place/Big+A+Landscaping/@32.753976,-97.23447,142165m/Edg/Firefox/Edg/Firefox/Edg/index.html]
[www.google.com/maps/place/Big+A+Landscaping/@32.753976,-97.23447,142165m/Edg/Firefox/Edg/Firefox/Firefox/index.html]
[www.google.com/maps/place/Big+A+Landscaping/@32.753976,-97.23447,142165m/Edg/Firefox/Firefox/Edg/Edg/index.html]
[www.google.com/maps/place/Big+A+Landscaping/@32.753976,-97.23447,142165m/Edg/Firefox/Firefox/Edg/Firefox/index.html]
[www.google.com/maps/place/Big+A+Landscaping/@32.753976,-97.23447,142165m/Edg/Firefox/Firefox/Firefox/Edg/index.html]
[www.google.com/maps/place/Big+A+Landscaping/@32.753976,-97.23447,142165m/Edg/Firefox/Firefox/Firefox/Firefox/index.html]
[www.google.com/maps/place/Big+A+Landscaping/@32.753976,-97.23447,142165m/Firefox/Edg/Edg/Edg/Edg/index.html]
[www.google.com/maps/place/Big+A+Landscaping/@32.753976,-97.23447,142165m/Firefox/Edg/Edg/Edg/Firefox/index.html]
[www.google.com/maps/place/Big+A+Landscaping/@32.753976,-97.23447,142165m/Firefox/Edg/Edg/Firefox/Edg/index.html]
[www.google.com/maps/place/Big+A+Landscaping/@32.753976,-97.23447,142165m/Firefox/Edg/Edg/Firefox/Firefox/index.html]
[www.google.com/maps/place/Big+A+Landscaping/@32.753976,-97.23447,142165m/Firefox/Edg/Firefox/Edg/Edg/index.html]
[www.google.com/maps/place/Big+A+Landscaping/@32.753976,-97.23447,142165m/Firefox/Edg/Firefox/Edg/Firefox/index.html]
[www.google.com/maps/place/Big+A+Landscaping/@32.753976,-97.23447,142165m/Firefox/Edg/Firefox/Firefox/Edg/index.html]
[www.google.com/maps/place/Big+A+Landscaping/@32.753976,-97.23447,142165m/Firefox/Edg/Firefox/Firefox/Firefox/index.html]
[www.google.com/maps/place/Big+A+Landscaping/@32.753976,-97.23447,142165m/Firefox/Firefox/Edg/Edg/Edg/index.html]
[www.google.com/maps/place/Big+A+Landscaping/@32.753976,-97.23447,142165m/Firefox/Firefox/Edg/Edg/Firefox/index.html]
[www.google.com/maps/place/Big+A+Landscaping/@32.753976,-97.23447,142165m/Firefox/Firefox/Edg/Firefox/Edg/index.html]
[www.google.com/maps/place/Big+A+Landscaping/@32.753976,-97.23447,142165m/Firefox/Firefox/Edg/Firefox/Firefox/index.html]
[www.google.com/maps/place/Big+A+Landscaping/@32.753976,-97.23447,142165m/Firefox/Firefox/Firefox/Edg/Edg/index.html]
[www.google.com/maps/place/Big+A+Landscaping/@32.753976,-97.23447,142165m/Firefox/Firefox/Firefox/Edg/Firefox/index.html]
[www.google.com/maps/place/Big+A+Landscaping/@32.753976,-97.23447,142165m/Firefox/Firefox/Firefox/Firefox/Edg/index.html]
[www.google.com/maps/place/Big+A+Landscaping/@32.753976,-97.23447,142165m/Firefox/Firefox/Firefox/Firefox/Firefox/index.html]
[www.google.com/maps/place/Big+A+Landscaping/@32.753976,-97.23447,211385m/Edg/Edg/Edg/Edg/Edg/index.html]
[www.google.com/maps/place/Big+A+Landscaping/@32.753976,-97.23447,211385m/Edg/Edg/Edg/Edg/Firefox/index.html]
[www.google.com/maps/place/Big+A+Landscaping/@32.753976,-97.23447,211385m/Edg/Edg/Edg/Firefox/Edg/index.html]
[www.google.com/maps/place/Big+A+Landscaping/@32.753976,-97.23447,211385m/Edg/Edg/Edg/Firefox/Firefox/index.html]
[www.google.com/maps/place/Big+A+Landscaping/@32.753976,-97.23447,211385m/Edg/Edg/Firefox/Edg/Edg/index.html]
[www.google.com/maps/place/Big+A+Landscaping/@32.753976,-97.23447,211385m/Edg/Edg/Firefox/Edg/Firefox/index.html]
[www.google.com/maps/place/Big+A+Landscaping/@32.753976,-97.23447,211385m/Edg/Edg/Firefox/Firefox/Edg/index.html]
[www.google.com/maps/place/Big+A+Landscaping/@32.753976,-97.23447,211385m/Edg/Edg/Firefox/Firefox/Firefox/index.html]
[www.google.com/maps/place/Big+A+Landscaping/@32.753976,-97.23447,211385m/Edg/Firefox/Edg/Edg/Edg/index.html]
[www.google.com/maps/place/Big+A+Landscaping/@32.753976,-97.23447,211385m/Edg/Firefox/Edg/Edg/Firefox/index.html]
[www.google.com/maps/place/Big+A+Landscaping/@32.753976,-97.23447,211385m/Edg/Firefox/Edg/Firefox/Edg/index.html]
[www.google.com/maps/place/Big+A+Landscaping/@32.753976,-97.23447,211385m/Edg/Firefox/Edg/Firefox/Firefox/index.html]
[www.google.com/maps/place/Big+A+Landscaping/@32.753976,-97.23447,211385m/Edg/Firefox/Firefox/Edg/Edg/index.html]
[www.google.com/maps/place/Big+A+Landscaping/@32.753976,-97.23447,211385m/Edg/Firefox/Firefox/Edg/Firefox/index.html]
[www.google.com/maps/place/Big+A+Landscaping/@32.753976,-97.23447,211385m/Edg/Firefox/Firefox/Firefox/Edg/index.html]
[www.google.com/maps/place/Big+A+Landscaping/@32.753976,-97.23447,211385m/Edg/Firefox/Firefox/Firefox/Firefox/index.html]
[www.google.com/maps/place/Big+A+Landscaping/@32.753976,-97.23447,211385m/Firefox/Edg/Edg/Edg/Edg/index.html]
[www.google.com/maps/place/Big+A+Landscaping/@32.753976,-97.23447,211385m/Firefox/Edg/Edg/Edg/Firefox/index.html]
[www.google.com/maps/place/Big+A+Landscaping/@32.753976,-97.23447,211385m/Firefox/Edg/Edg/Firefox/Edg/index.html]
[www.google.com/maps/place/Big+A+Landscaping/@32.753976,-97.23447,211385m/Firefox/Edg/Edg/Firefox/Firefox/index.html]
[www.google.com/maps/place/Big+A+Landscaping/@32.753976,-97.23447,211385m/Firefox/Edg/Firefox/Edg/Edg/index.html]
[www.google.com/maps/place/Big+A+Landscaping/@32.753976,-97.23447,211385m/Firefox/Edg/Firefox/Edg/Firefox/index.html]
[www.google.com/maps/place/Big+A+Landscaping/@32.753976,-97.23447,211385m/Firefox/Edg/Firefox/Firefox/Edg/index.html]
[www.google.com/maps/place/Big+A+Landscaping/@32.753976,-97.23447,211385m/Firefox/Edg/Firefox/Firefox/Firefox/index.html]
[www.google.com/maps/place/Big+A+Landscaping/@32.753976,-97.23447,211385m/Firefox/Firefox/Edg/Edg/Edg/index.html]
[www.google.com/maps/place/Big+A+Landscaping/@32.753976,-97.23447,211385m/Firefox/Firefox/Edg/Edg/Firefox/index.html]
[www.google.com/maps/place/Big+A+Landscaping/@32.753976,-97.23447,211385m/Firefox/Firefox/Edg/Firefox/Edg/index.html]
[www.google.com/maps/place/Big+A+Landscaping/@32.753976,-97.23447,211385m/Firefox/Firefox/Edg/Firefox/Firefox/index.html]
[www.google.com/maps/place/Big+A+Landscaping/@32.753976,-97.23447,211385m/Firefox/Firefox/Firefox/Edg/Edg/index.html]
[www.google.com/maps/place/Big+A+Landscaping/@32.753976,-97.23447,211385m/Firefox/Firefox/Firefox/Edg/Firefox/index.html]
[www.google.com/maps/place/Big+A+Landscaping/@32.753976,-97.23447,211385m/Firefox/Firefox/Firefox/Firefox/Edg/index.html]
[www.google.com/maps/place/Big+A+Landscaping/@32.753976,-97.23447,211385m/Firefox/Firefox/Firefox/Firefox/Firefox/index.html]
